-0.000  0.000 -0.000   0.040  0.132 -0.980  -0.292 -0.659  0.805   0.026  0.056 -0.009
-0.083 -0.046  2.048   0.036  0.128 -0.976  -0.292 -0.659  0.805   0.034  0.057 -0.011
-0.189 -0.085  4.152   0.044  0.128 -0.972  -0.297 -0.676  0.812   0.026  0.065 -0.001
-0.279 -0.109  6.277   0.044  0.120 -0.984  -0.297 -0.676  0.812   0.037  0.073 -0.016
-0.381 -0.140  8.428   0.044  0.120 -0.980  -0.297 -0.676  0.812   0.029  0.073 -0.016
-0.489 -0.170 10.611   0.052  0.120 -0.980  -0.297 -0.676  0.812   0.037  0.073 -0.016
-0.609 -0.216 12.803   0.052  0.132 -0.984  -0.307 -0.676  0.797   0.032  0.079 -0.014
-0.727 -0.281 15.008   0.052  0.136 -0.980  -0.307 -0.676  0.797   0.036  0.072 -0.019
-0.829 -0.333 17.224   0.048  0.132 -0.980  -0.307 -0.676  0.797   0.047  0.084 -0.024
-0.911 -0.400 19.446   0.036  0.132 -0.976  -0.302 -0.656  0.803   0.048  0.083 -0.024
-1.001 -0.472 21.673   0.036  0.132 -0.976  -0.302 -0.656  0.803   0.042  0.086 -0.031
-1.091 -0.525 23.927   0.044  0.120 -0.988  -0.302 -0.656  0.803   0.047  0.086 -0.020
-1.190 -0.584 26.183   0.052  0.128 -0.988  -0.313 -0.662  0.805   0.055  0.088 -0.020
-1.306 -0.650 28.429   0.056  0.124 -0.980  -0.313 -0.662  0.805   0.044  0.087 -0.030
-1.400 -0.735 30.671   0.044  0.132 -0.980  -0.313 -0.662  0.805   0.049  0.089 -0.031
-1.487 -0.823 32.907   0.040  0.136 -0.984  -0.313 -0.662  0.805   0.053  0.098 -0.034
-1.535 -0.920 35.143   0.028  0.132 -0.984  -0.320 -0.665  0.803   0.060  0.087 -0.033
-1.580 -1.010 37.364   0.024  0.124 -0.976  -0.320 -0.665  0.803   0.055  0.092 -0.037
-1.641 -1.123 39.568   0.028  0.132 -0.976  -0.320 -0.665  0.803   0.045  0.090 -0.041
-1.703 -1.247 41.757   0.036  0.140 -0.972  -0.326 -0.659  0.806   0.056  0.087 -0.042
-1.768 -1.344 43.913   0.044  0.128 -0.980  -0.326 -0.659  0.806   0.062  0.087 -0.048
-1.858 -1.446 46.039   0.060  0.136 -0.980  -0.326 -0.659  0.806   0.072  0.088 -0.044
-1.950 -1.574 48.138   0.056  0.136 -0.964  -0.318 -0.650  0.805   0.055  0.084 -0.045
-2.025 -1.681 50.210   0.052  0.128 -0.976  -0.318 -0.650  0.805   0.061  0.087 -0.044
-2.092 -1.800 52.257   0.048  0.128 -0.984  -0.318 -0.650  0.805   0.051  0.086 -0.042
-2.137 -1.919 54.270   0.044  0.132 -0.984  -0.318 -0.650  0.805   0.064  0.083 -0.050
-2.168 -2.046 56.275   0.040  0.132 -0.976  -0.328 -0.647  0.801   0.062  0.082 -0.045
-2.187 -2.171 58.245   0.040  0.132 -0.976  -0.328 -0.647  0.801   0.067  0.076 -0.045
-2.183 -2.314 60.201   0.028  0.136 -0.972  -0.328 -0.647  0.801   0.059  0.077 -0.041
-2.191 -2.411 62.096   0.040  0.120 -0.980  -0.331 -0.642  0.801   0.071  0.073 -0.045
-2.190 -2.508 63.956   0.036  0.116 -0.968  -0.331 -0.642  0.801   0.067  0.071 -0.044
-2.199 -2.611 65.769   0.040  0.120 -0.976  -0.331 -0.642  0.801   0.065  0.075 -0.045
-2.196 -2.733 67.532   0.040  0.124 -0.976  -0.331 -0.642  0.801   0.059  0.062 -0.053
-2.187 -2.858 69.272   0.036  0.128 -0.980  -0.331 -0.642  0.801   0.059  0.070 -0.046
-2.171 -3.006 70.969   0.040  0.136 -0.980  -0.331 -0.642  0.801   0.055  0.057 -0.045
-2.162 -3.151 72.615   0.048  0.136 -0.980  -0.331 -0.642  0.801   0.059  0.051 -0.039
-2.154 -3.278 74.187   0.048  0.124 -0.984  -0.328 -0.645  0.801   0.049  0.046 -0.045
-2.107 -3.408 75.749   0.036  0.128 -0.984  -0.328 -0.645  0.801   0.050  0.042 -0.040
-2.081 -3.530 77.248   0.044  0.124 -0.980  -0.328 -0.645  0.801   0.049  0.042 -0.039
-2.043 -3.658 78.713   0.044  0.132 -0.980  -0.328 -0.636  0.805   0.056  0.039 -0.047
-2.006 -3.788 80.141   0.044  0.128 -0.976  -0.328 -0.636  0.805   0.044  0.037 -0.037
-1.964 -3.924 81.517   0.048  0.132 -0.972  -0.328 -0.636  0.805   0.048  0.027 -0.041
-1.922 -4.079 82.860   0.048  0.140 -0.972  -0.328 -0.636  0.805   0.040  0.032 -0.041
-1.862 -4.207 84.179   0.044  0.132 -0.972  -0.331 -0.633  0.808   0.044  0.023 -0.035
-1.789 -4.343 85.466   0.044  0.136 -0.976  -0.331 -0.633  0.808   0.040  0.013 -0.031
-1.680 -4.109 86.768   0.044  0.136 -0.980  -0.331 -0.633  0.808   0.348  0.009 -0.037
-1.613 -4.241 87.996   0.044  0.128 -0.976  -0.326 -0.633  0.799   0.036  0.011 -0.036
-1.536 -4.362 89.188   0.044  0.128 -0.984  -0.326 -0.633  0.799   0.038  0.002 -0.030
-1.435 -4.490 90.313   0.036  0.136 -0.976  -0.326 -0.633  0.799   0.036  0.000 -0.033
-1.332 -4.562 91.391   0.032  0.112 -0.984  -0.328 -0.630  0.806   0.029 -0.009 -0.030
-1.241 -4.660 92.482   0.040  0.124 -0.984  -0.328 -0.630  0.806   0.033 -0.006 -0.029
-1.173 -4.766 93.469   0.048  0.128 -0.992  -0.328 -0.630  0.806   0.028 -0.005 -0.025
-1.076 -4.878 94.421   0.036  0.132 -0.988  -0.320 -0.636  0.805   0.020 -0.006 -0.030
-1.002 -4.944 95.313   0.040  0.112 -0.984  -0.320 -0.636  0.805   0.021 -0.010 -0.019
-0.920 -5.022 96.171   0.044  0.120 -0.988  -0.320 -0.636  0.805   0.022 -0.022 -0.022
-0.841 -5.098 96.997   0.044  0.120 -0.984  -0.320 -0.636  0.805   0.021 -0.021 -0.022
-0.753 -5.186 97.798   0.044  0.128 -0.984  -0.320 -0.639  0.801   0.022 -0.026 -0.023
-0.651 -5.278 98.607   0.036  0.132 -0.976  -0.320 -0.639  0.801   0.020 -0.018 -0.016
-0.558 -5.351 99.409   0.036  0.124 -0.984  -0.320 -0.639  0.801   0.018 -0.016 -0.017
-0.477 -5.439 100.093   0.040  0.128 -0.996  -0.305 -0.633  0.810   0.005 -0.018 -0.020
-0.395 -5.529 100.754   0.044  0.132 -0.996  -0.305 -0.633  0.810   0.007 -0.028 -0.014
-0.317 -5.626 101.418   0.048  0.136 -0.980  -0.305 -0.633  0.810   0.016 -0.029 -0.013
-0.241 -5.722 102.047   0.048  0.132 -0.980  -0.313 -0.650  0.805   0.004 -0.032 -0.012
-0.177 -5.809 102.626   0.048  0.132 -0.988  -0.313 -0.650  0.805   0.004 -0.026 -0.007
-0.099 -5.908 103.186   0.048  0.140 -0.988  -0.313 -0.650  0.805   0.003 -0.032 -0.016
-0.026 -6.001 103.724   0.048  0.136 -0.976  -0.313 -0.650  0.805  -0.001 -0.033 -0.012
 0.062 -6.047 104.298   0.036  0.124 -0.984  -0.310 -0.627  0.805   0.005 -0.029 -0.003
 0.125 -6.121 104.836   0.044  0.132 -0.984  -0.310 -0.627  0.805   0.000 -0.020 -0.006
 0.192 -6.181 105.345   0.044  0.128 -0.988  -0.310 -0.627  0.805  -0.001 -0.028 -0.007
 0.269 -6.226 105.813   0.036  0.128 -0.980  -0.297 -0.636  0.814   0.006 -0.029  0.003
 1.479 -7.699 105.304   0.436 -4.016 -0.344  -0.297 -0.636  0.814  -1.520 -0.665 -0.571
 2.381 -6.371 105.513   0.244 -1.364 -0.556  -0.297 -0.636  0.814  -1.011 -1.322  0.119
 1.594 -0.215 105.328   0.056 -0.416 -0.768  -0.243 -0.653  0.818   4.213 -0.889 -0.005
 0.528  5.822 105.222  -0.020 -0.356 -0.932  -0.243 -0.653  0.818   4.598 -0.505 -0.149
-0.043  7.928 105.330  -0.028 -0.248 -1.108  -0.243 -0.653  0.818   1.653 -0.043 -0.046
-0.458  8.641 105.878  -0.056  0.052 -1.092  -0.243 -0.653  0.818   1.039  0.194  0.086
-1.460  9.739 106.641  -0.040  0.056 -1.096  -0.212 -0.439  0.848   1.530  0.540 -0.019
-2.592  9.853 107.340  -0.036 -0.144 -1.116  -0.212 -0.439  0.848   0.456  0.881  0.195
-2.925  6.697 108.273   0.028 -0.064 -1.104  -0.212 -0.439  0.848  -2.175  0.980  0.594
-2.630  3.434 109.994   0.068  0.244 -1.100  -0.287 -0.488  0.848  -2.096  0.630  0.849
-2.850  3.124 112.277   0.096  0.384 -1.088  -0.287 -0.488  0.848   0.612  0.293  1.027
-3.638  4.452 114.195   0.072  0.208 -1.124  -0.287 -0.488  0.848   1.847  0.125  1.188
-4.116  5.145 116.242   0.052  0.084 -1.140  -0.333 -0.419  0.842   1.076  0.075  1.225
-4.110  4.751 118.262   0.048  0.160 -1.116  -0.333 -0.419  0.842   0.203  0.128  1.123
-4.395  4.877 120.146   0.060  0.172 -1.092  -0.333 -0.419  0.842   0.748  0.119  1.045
-4.731  5.132 121.565   0.060  0.080 -1.080  -0.333 -0.419  0.842   0.720  0.068  0.915
-4.491  4.462 123.140   0.068  0.088 -1.060  -0.349 -0.335  0.848  -0.188  0.048  0.830
-4.032  3.659 124.899   0.072  0.196 -1.024  -0.349 -0.335  0.848  -0.210  0.011  0.687
-4.035  3.596 126.371   0.080  0.220 -0.992  -0.349 -0.335  0.848   0.577 -0.015  0.363
-4.575  4.432 127.317   0.076  0.124 -0.972  -0.351 -0.309  0.853   1.318 -0.162  0.160
-4.802  4.954 127.840   0.072  0.076 -0.944  -0.351 -0.309  0.853   0.875 -0.244  0.008
-4.551  5.077 128.479   0.008  0.104 -0.928  -0.351 -0.309  0.853   0.401 -0.231 -0.123
-4.497  5.099 129.204   0.048  0.104 -0.928  -0.339 -0.251  0.855   0.445 -0.136 -0.166
-4.481  4.961 129.923   0.036  0.092 -0.920  -0.339 -0.251  0.855   0.331 -0.006 -0.130
-4.259  4.431 130.617   0.036  0.072 -0.908  -0.339 -0.251  0.855  -0.085  0.072 -0.031
-4.063  4.022 131.633   0.040  0.116 -0.888  -0.339 -0.251  0.855   0.087  0.043  0.071
-3.983  3.836 132.985   0.044  0.152 -0.880  -0.341 -0.243  0.859   0.357  0.016  0.160
-3.848  3.610 134.208   0.048  0.120 -0.848  -0.341 -0.243  0.859   0.248 -0.027  0.244
-3.457  3.165 135.344   0.040  0.096 -0.852  -0.341 -0.243  0.859  -0.105 -0.043  0.329
-2.688  2.408 136.626   0.032  0.100 -0.852  -0.331 -0.223  0.865  -0.547 -0.043  0.382
-2.034  1.737 137.837   0.028  0.088 -0.844  -0.331 -0.223  0.865  -0.482 -0.004  0.401
-1.186  0.863 138.979   0.028  0.080 -0.848  -0.331 -0.223  0.865  -0.776  0.032  0.421
-0.373 -0.061 139.860   0.040  0.096 -0.856  -0.336 -0.275  0.857  -0.733  0.071  0.388
 0.289 -0.867 140.833   0.032  0.124 -0.880  -0.336 -0.275  0.857  -0.558  0.136  0.335
 0.814 -1.560 141.618   0.028  0.120 -0.916  -0.336 -0.275  0.857  -0.497  0.171  0.270
 1.324 -2.253 142.213   0.044  0.116 -0.944  -0.336 -0.275  0.857  -0.528  0.158  0.197
 1.910 -2.932 142.710   0.040  0.116 -0.944  -0.336 -0.275  0.857  -0.598  0.133  0.114
 2.532 -3.655 143.091   0.052  0.116 -0.968  -0.336 -0.275  0.857  -0.682  0.132  0.061
 3.206 -4.400 143.424   0.056  0.120 -0.988  -0.336 -0.275  0.857  -0.756  0.128  0.021
 3.858 -5.102 143.371   0.052  0.136 -1.000  -0.351 -0.370  0.850  -0.735  0.097 -0.002
 4.395 -5.627 143.269   0.060  0.148 -1.028  -0.351 -0.370  0.850  -0.580  0.026 -0.056
 4.847 -5.970 143.158   0.052  0.152 -1.036  -0.351 -0.370  0.850  -0.445 -0.035 -0.096
 5.220 -6.260 142.797   0.048  0.144 -1.056  -0.351 -0.413  0.829  -0.409 -0.048 -0.130
 5.539 -6.571 142.388   0.052  0.136 -1.072  -0.351 -0.413  0.829  -0.419 -0.018 -0.149
 5.896 -6.960 141.976   0.048  0.132 -1.084  -0.351 -0.413  0.829  -0.512  0.023 -0.168
 6.321 -7.482 141.512   0.052  0.120 -1.092  -0.351 -0.413  0.829  -0.674  0.065 -0.200
 6.374 -7.773 140.937   0.044  0.116 -1.100  -0.344 -0.454  0.827  -0.322  0.098 -0.119
 1.994 -5.901 143.260   0.308 -2.956 -1.664  -0.344 -0.454  0.827   3.811  0.993  2.364
-0.927 -2.623 143.982   0.324 -1.328 -0.376  -0.344 -0.454  0.827   1.904 -0.566  1.564
-2.144  0.070 144.042   0.184 -0.740 -0.700  -0.357 -0.197  0.850   0.711 -1.027  1.079
-0.006  0.103 143.930   0.100 -0.420 -0.800  -0.357 -0.197  0.850  -2.370 -1.049  0.818
 2.181 -0.360 145.206   0.028 -0.072 -0.932  -0.357 -0.197  0.850  -1.942 -0.837  1.188
 2.693  0.213 148.248  -0.020  0.320 -0.908  -0.279 -0.289  0.859   0.417 -0.434  1.479
 1.054  1.400 151.199  -0.056  0.276 -0.904  -0.279 -0.289  0.859   2.202  0.037  1.668
-0.018  1.243 153.233  -0.060  0.040 -0.900  -0.279 -0.289  0.859   0.857  0.622  2.030
 0.481 -0.073 156.040  -0.060 -0.016 -0.884  -0.313 -0.159  0.863  -0.904  0.948  2.400
 1.333 -1.690 159.427  -0.048  0.076 -0.860  -0.313 -0.159  0.863  -1.076  1.148  2.566
 1.950 -3.189 162.766  -0.032  0.076 -0.868  -0.313 -0.159  0.863  -0.826  1.190  2.654
 3.121 -4.829 165.978   0.004  0.060 -0.852  -0.313 -0.159  0.863  -1.325  1.180  2.746
 3.872 -5.999 169.408   0.072  0.132 -0.844  -0.413 -0.165  0.850  -0.669  0.864  2.620
 3.636 -6.464 173.150   0.096  0.264 -0.828  -0.413 -0.165  0.850   0.649  0.582  2.352
 1.699 -6.339 176.002   0.128  0.240 -0.844  -0.413 -0.165  0.850   2.157  0.103  1.943
 0.231 -5.757 178.392   0.136  0.092 -0.876  -0.442  0.009  0.827   1.521 -0.480  1.501
 0.130 -4.827 179.945   0.144  0.020 -0.896  -0.442  0.009  0.827   0.160 -0.925  1.130
 0.610 -3.703 -178.675   0.104  0.032 -0.904  -0.442  0.009  0.827  -0.341 -1.032  0.952
 1.719 -2.685 -177.200   0.060  0.040 -0.908  -0.336  0.026  0.855  -0.855 -0.804  0.775
 3.184 -2.083 -175.793   0.036  0.072 -0.920  -0.336  0.026  0.855  -1.186 -0.402  0.682
 4.147 -1.733 -174.021   0.040  0.168 -0.940  -0.336  0.026  0.855  -0.552 -0.121  0.570
 4.178 -1.496 -172.411   0.044  0.224 -0.960  -0.336  0.026  0.855   0.287 -0.065  0.404
 3.384 -1.399 -171.269   0.072  0.188 -0.988  -0.320 -0.006  0.867   0.912 -0.139  0.164
 2.625 -1.303 -170.624   0.068  0.140 -0.988  -0.320 -0.006  0.867   0.805 -0.195  0.021
 2.251 -1.313 -170.289   0.052  0.100 -1.008  -0.320 -0.006  0.867   0.447 -0.071  0.060
 2.346 -1.369 -169.296   0.048  0.104 -1.032  -0.307  0.066  0.857   0.080  0.076  0.184
 2.744 -1.422 -168.238   0.052  0.096 -1.040  -0.307  0.066  0.857  -0.197  0.116  0.295
 3.385 -1.249 -167.153   0.060  0.100 -1.044  -0.307  0.066  0.857  -0.446 -0.031  0.313
 4.064 -0.961 -166.164   0.056  0.120 -1.032  -0.284  0.035  0.861  -0.486 -0.098  0.280
 4.647 -0.713 -165.249   0.028  0.140 -1.032  -0.284  0.035  0.861  -0.393 -0.017  0.240
 5.227 -0.768 -164.383   0.008  0.144 -1.040  -0.284  0.035  0.861  -0.343  0.280  0.270
 5.865 -1.066 -163.580   0.004  0.132 -1.036  -0.284  0.035  0.861  -0.371  0.512  0.302
 6.708 -1.639 -163.038   0.016  0.116 -1.036  -0.300  0.012  0.863  -0.519  0.767  0.312
 7.781 -2.223 -162.578   0.024  0.108 -1.020  -0.300  0.012  0.863  -0.735  0.852  0.259
 8.916 -2.705 -162.094   0.032  0.124 -1.008  -0.300  0.012  0.863  -0.795  0.817  0.178
 9.897 -3.198 -162.273   0.064  0.124 -1.000  -0.370 -0.052  0.842  -0.726  0.693  0.081
10.681 -3.566 -162.542   0.072  0.132 -0.992  -0.370 -0.052  0.842  -0.605  0.549 -0.057
11.225 -3.814 -162.958   0.072  0.132 -0.996  -0.370 -0.052  0.842  -0.463  0.402 -0.184
11.653 -4.013 -163.710   0.060  0.132 -0.980  -0.393 -0.087  0.838  -0.414  0.327 -0.264
12.040 -4.154 -164.566   0.064  0.124 -0.980  -0.393 -0.087  0.838  -0.430  0.261 -0.345
12.531 -4.270 -165.478   0.060  0.120 -0.968  -0.393 -0.087  0.838  -0.545  0.270 -0.417
13.039 -4.397 -166.486   0.052  0.120 -0.980  -0.393 -0.087  0.838  -0.579  0.298 -0.525
13.454 -4.645 -168.000   0.052  0.112 -0.972  -0.421 -0.153  0.838  -0.541  0.316 -0.631
13.794 -4.910 -169.539   0.052  0.128 -0.984  -0.421 -0.153  0.838  -0.464  0.325 -0.761
11.166 -6.173 -175.441  -0.632 -4.016 -3.260  -0.421 -0.153  0.838   2.411  0.795 -4.933
 6.218 -6.624 171.709  -0.240 -1.892 -1.948  -0.463 -0.202  0.810   4.099  0.511 -10.260
 1.679 -4.407 160.709  -0.116 -1.156 -1.508  -0.463 -0.202  0.810   3.092 -0.367 -8.079
-0.277 -2.684 151.026  -0.096 -0.704 -1.236  -0.463 -0.202  0.810   1.173 -0.235 -7.500
 0.326 -2.898 142.450  -0.084 -0.308 -1.060  -0.421 -0.370  0.821  -1.102  0.191 -6.818
 0.845 -3.553 136.061  -0.068  0.028 -0.996  -0.421 -0.370  0.821  -0.732  0.349 -5.655
 0.471 -3.733 131.349  -0.088  0.180 -0.928  -0.421 -0.370  0.821   0.354  0.676 -4.790
-0.993 -3.144 126.941  -0.064  0.152 -0.888  -0.421 -0.370  0.821   1.411  0.959 -4.542
-2.314 -2.611 122.438  -0.036  0.016 -0.872  -0.393 -0.543  0.818   1.008  0.860 -3.938
-2.665 -3.359 118.416  -0.012  0.016 -0.848  -0.393 -0.543  0.818  -0.401  0.743 -3.667
-2.555 -4.761 114.997  -0.016  0.188 -0.872  -0.393 -0.543  0.818  -0.767  0.713 -3.656
-2.478 -5.791 111.196   0.004  0.092 -0.872  -0.341 -0.679  0.799  -0.750  0.446 -3.475
-2.667 -7.353 107.886   0.028  0.096 -0.892  -0.341 -0.679  0.799  -1.160  0.723 -3.100
-2.986 -9.081 104.959   0.028  0.244 -0.892  -0.341 -0.679  0.799  -1.026  0.903 -3.076
-4.277 -8.975 101.521   0.072  0.324 -0.912  -0.305 -0.815  0.782   0.769  1.173 -3.135
-6.057 -6.645 97.477   0.116  0.192 -0.920  -0.305 -0.815  0.782   2.307  1.120 -3.339
-7.261 -4.474 93.471   0.160  0.044 -0.948  -0.305 -0.815  0.782   1.900  0.778 -3.556
-7.693 -3.816 89.777   0.124 -0.020 -0.964  -0.305 -0.815  0.782   0.451  0.375 -3.554
-7.902 -4.432 86.189   0.068 -0.020 -0.988  -0.240 -0.795  0.810  -0.671  0.303 -3.566
-8.383 -6.295 82.672   0.028  0.056 -1.000  -0.240 -0.795  0.810  -1.664  0.508 -3.694
-9.366 -8.301 79.202   0.016  0.164 -1.024  -0.240 -0.795  0.810  -1.740  0.908 -3.763
-10.561 -9.219 75.443   0.016  0.292 -1.032  -0.140 -0.977  0.758  -0.759  1.207 -3.748
-11.504 -8.735 71.838   0.016  0.268 -1.032  -0.140 -0.977  0.758   0.337  1.311 -3.750
-11.866 -6.863 68.485   0.044  0.316 -1.028  -0.140 -0.977  0.758   1.684  1.255 -3.677
-11.750 -4.555 65.152   0.080  0.276 -1.032  -0.054 -0.945  0.782   2.111  0.991 -3.548
-11.351 -2.561 62.130   0.112  0.164 -1.032  -0.054 -0.945  0.782   1.810  0.666 -3.378
-11.153 -1.616 59.332   0.104  0.088 -1.040  -0.054 -0.945  0.782   0.824  0.451 -3.307
-11.268 -1.668 56.618   0.116  0.056 -1.044  -0.054 -0.945  0.782  -0.099  0.225 -3.307
-11.051 -1.716 53.838   0.108  0.124 -1.016   0.062 -0.913  0.803   0.149  0.000 -3.185
-10.281 -1.490 51.253   0.128  0.192 -1.004   0.062 -0.913  0.803   0.764 -0.263 -3.032
-8.862 -1.040 48.993   0.112  0.196 -1.004   0.062 -0.913  0.803   1.260 -0.495 -2.772
-7.437 -0.554 46.789   0.088  0.152 -1.004   0.202 -0.832  0.818   1.224 -0.485 -2.499
-6.367 -0.174 45.000   0.052  0.112 -0.992   0.202 -0.832  0.818   0.936 -0.264 -2.316
-5.930 -0.027 43.558   0.032  0.088 -0.980   0.202 -0.832  0.818   0.413 -0.004 -2.133
-6.067 -0.098 42.271   0.024  0.064 -0.960   0.292 -0.760  0.835  -0.111  0.178 -1.880
-6.290 -0.067 41.281   0.036  0.088 -0.960   0.292 -0.760  0.835  -0.063  0.277 -1.615
-6.295  0.244 40.472   0.044  0.152 -0.960   0.292 -0.760  0.835   0.358  0.342 -1.395
-5.949  0.916 39.778   0.052  0.172 -0.940   0.320 -0.717  0.838   0.839  0.364 -1.137
-5.432  1.634 39.296   0.068  0.160 -0.932   0.320 -0.717  0.838   0.984  0.275 -0.953
-4.851  2.189 39.012   0.084  0.132 -0.916   0.320 -0.717  0.838   0.886  0.093 -0.785
-4.425  2.465 38.917   0.092  0.116 -0.912   0.320 -0.717  0.838   0.659 -0.031 -0.651
-4.279  2.422 38.991   0.100  0.088 -0.928   0.326 -0.636  0.850   0.238 -0.122 -0.417
-4.180  2.224 39.344   0.076  0.096 -0.940   0.326 -0.636  0.850   0.137 -0.155 -0.207
-3.822  2.195 39.803   0.056  0.132 -0.956   0.326 -0.636  0.850   0.464 -0.140 -0.078
-3.134  2.396 40.199   0.056  0.160 -0.956   0.344 -0.601  0.857   0.868 -0.193  0.064
-2.284  2.708 40.715   0.060  0.148 -0.972   0.344 -0.601  0.857   1.031 -0.235  0.168
-1.452  3.006 41.370   0.072  0.128 -0.980   0.344 -0.601  0.857   0.997 -0.281  0.291
-0.841  3.122 41.965   0.072  0.104 -0.992   0.362 -0.538  0.859   0.715 -0.303  0.378
-0.368  3.095 42.703   0.072  0.108 -1.020   0.362 -0.538  0.859   0.558 -0.329  0.515
 0.076  2.966 43.538   0.064  0.128 -1.024   0.362 -0.538  0.859   0.522 -0.378  0.648
 0.649  2.937 44.499   0.068  0.148 -1.044   0.362 -0.538  0.859   0.697 -0.419  0.834
 1.323  3.088 45.504   0.064  0.172 -1.048   0.372 -0.506  0.855   0.912 -0.393  1.056
 2.026  3.319 46.755   0.048  0.160 -1.052   0.372 -0.506  0.855   0.974 -0.356  1.249
 2.574  3.480 48.216   0.044  0.136 -1.064   0.372 -0.506  0.855   0.808 -0.314  1.405
 2.828  3.409 49.747   0.048  0.112 -1.076   0.380 -0.471  0.870   0.447 -0.285  1.567
 2.885  3.145 51.415   0.052  0.108 -1.076   0.380 -0.471  0.870   0.198 -0.282  1.727
 2.857  2.846 53.090   0.060  0.128 -1.076   0.380 -0.471  0.870   0.148 -0.268  1.843
 2.915  2.601 54.916   0.052  0.144 -1.060   0.382 -0.491  0.855   0.251 -0.296  2.008
 3.070  2.388 56.794   0.052  0.152 -1.056   0.382 -0.491  0.855   0.323 -0.360  2.136
 3.785  1.690 59.017   0.068  0.144 -1.056   0.382 -0.491  0.855   0.191 -1.040  2.526
 3.150  1.741 62.151   0.484  0.008 -0.392   0.382 -0.491  0.855  -0.501 -0.971  3.604
 4.582  3.585 63.656   0.224  0.388 -0.756   0.382 -0.566  0.846   2.552 -1.124  2.685
 6.462  6.498 65.854   0.064  0.192 -0.904   0.382 -0.566  0.846   3.412 -0.635  2.736
 7.156  7.308 68.517   0.028 -0.020 -1.000   0.382 -0.566  0.846   1.145 -0.415  2.783
 7.593  7.555 70.703   0.040  0.084 -1.072   0.388 -0.425  0.868   0.799 -0.437  2.908
 7.974  8.325 72.596   0.020  0.172 -1.068   0.388 -0.425  0.868   1.357 -0.275  2.854
 7.953  8.578 74.895   0.012  0.036 -1.076   0.388 -0.425  0.868   0.640 -0.040  2.941
 7.393  6.980 77.812   0.044 -0.032 -1.076   0.359 -0.468  0.868  -1.162 -0.033  3.298
 7.164  5.158 80.527   0.104  0.112 -1.088   0.359 -0.468  0.868  -1.159 -0.423  3.558
 7.538  4.426 82.991   0.112  0.264 -1.072   0.359 -0.468  0.868  -0.030 -0.845  3.695
 8.373  4.758 85.956   0.084  0.192 -1.072   0.359 -0.468  0.868   0.815 -1.049  3.954
 8.924  4.565 89.331   0.044  0.096 -1.060   0.346 -0.555  0.852   0.236 -0.811  4.114
 9.041  4.135 92.578   0.020  0.148 -1.032   0.346 -0.555  0.852   0.097 -0.437  4.090
 8.961  4.086 95.689   0.024  0.160 -1.016   0.346 -0.555  0.852   0.429 -0.302  4.065
 8.856  3.778 98.840   0.024  0.076 -1.004   0.300 -0.592  0.853   0.060 -0.219  3.936
 8.849  2.837 101.874   0.036  0.092 -0.980   0.300 -0.592  0.853  -0.453 -0.232  3.837
 8.881  2.316 104.375   0.052  0.152 -0.956   0.300 -0.592  0.853  -0.088 -0.379  3.663
 8.889  2.317 106.731   0.060  0.148 -0.932   0.227 -0.668  0.846   0.332 -0.494  3.372
 8.949  2.299 108.845   0.064  0.104 -0.904   0.227 -0.668  0.846   0.214 -0.519  3.200
 9.089  2.030 110.712   0.056  0.112 -0.884   0.227 -0.668  0.846  -0.004 -0.507  3.034
 9.170  1.699 112.405   0.048  0.120 -0.864   0.227 -0.668  0.846  -0.029 -0.434  2.918
 9.131  1.324 114.127   0.040  0.108 -0.848   0.189 -0.685  0.840  -0.052 -0.299  2.863
 9.029  0.796 115.814   0.040  0.096 -0.836   0.189 -0.685  0.840  -0.187 -0.177  2.868
 8.816  0.139 117.390   0.048  0.120 -0.824   0.189 -0.685  0.840  -0.219 -0.062  2.843
 8.418 -0.244 119.098   0.048  0.128 -0.820   0.124 -0.728  0.838   0.071 -0.021  2.836
 7.892 -0.496 120.842   0.040  0.128 -0.824   0.124 -0.728  0.838   0.225  0.028  2.823
 7.314 -0.716 122.443   0.048  0.124 -0.836   0.124 -0.728  0.838   0.258  0.083  2.830
 6.580 -0.830 124.246   0.040  0.128 -0.848   0.021 -0.702  0.835   0.427  0.187  2.798
 5.729 -0.914 125.958   0.032  0.112 -0.860   0.021 -0.702  0.835   0.493  0.302  2.749
 4.890 -1.149 127.469   0.040  0.100 -0.860   0.021 -0.702  0.835   0.367  0.381  2.643
 4.128 -1.453 128.850   0.036  0.108 -0.888   0.021 -0.702  0.835   0.304  0.393  2.561
 3.399 -1.718 130.341   0.032  0.116 -0.916  -0.072 -0.642  0.835   0.341  0.393  2.432
 2.689 -1.992 131.645   0.032  0.128 -0.948  -0.072 -0.642  0.835   0.353  0.404  2.309
 1.973 -2.297 132.770   0.036  0.132 -0.972  -0.072 -0.642  0.835   0.347  0.437  2.204
 1.273 -2.587 134.156   0.044  0.136 -0.992  -0.171 -0.590  0.838   0.373  0.452  2.138
 0.544 -2.865 135.350   0.060  0.136 -1.024  -0.171 -0.590  0.838   0.395  0.453  2.065
-0.119 -3.109 136.471   0.056  0.140 -1.048  -0.171 -0.590  0.838   0.394  0.421  2.024
-0.722 -3.285 138.014   0.048  0.144 -1.076  -0.251 -0.512  0.823   0.444  0.409  2.005
-1.355 -3.417 139.492   0.052  0.160 -1.084  -0.251 -0.512  0.823   0.534  0.398  1.991
-2.111 -3.411 140.884   0.052  0.164 -1.112  -0.251 -0.512  0.823   0.714  0.386  1.970
-2.973 -3.316 142.135   0.060  0.164 -1.132  -0.251 -0.512  0.823   0.849  0.375  1.922
-3.801 -3.198 143.804   0.068  0.164 -1.156  -0.307 -0.405  0.833   0.904  0.367  1.853
-4.831 -2.906 145.003   0.060  0.036 -1.136  -0.307 -0.405  0.833   0.935  0.373  1.750
 1.781 -5.841 146.825  -0.052  0.768 -0.580  -0.307 -0.405  0.833  -5.297 -0.237 -0.370
 1.792 -4.312 149.087  -0.016  0.848 -0.908  -0.333 -0.422  0.829   1.570 -0.330  0.402
-1.409 -1.635 150.209  -0.024  0.524 -1.084  -0.333 -0.422  0.829   4.308 -0.249  0.268
-5.622  0.737 150.041  -0.032  0.184 -1.280  -0.333 -0.422  0.829   4.514  0.134  0.250
-8.486  1.962 151.359  -0.032  0.124 -1.344  -0.341 -0.098  0.844   3.054  0.407  0.198
-10.571  2.338 152.223  -0.020  0.056 -1.372  -0.341 -0.098  0.844   2.128  0.645  0.053
-11.825  1.995 152.632  -0.036 -0.048 -1.416  -0.341 -0.098  0.844   1.128  0.888  0.009
-11.285  0.317 153.462  -0.020 -0.024 -1.412  -0.341 -0.098  0.844  -0.716  1.211  0.390
-9.947 -1.846 155.028  -0.020 -0.024 -1.348  -0.408 -0.029  0.836  -1.539  1.312  0.649
-9.308 -3.430 157.336   0.036  0.208 -1.380  -0.408 -0.029  0.836  -0.476  1.177  0.769
-10.658 -3.799 159.887   0.080  0.324 -1.372  -0.408 -0.029  0.836   1.642  0.867  0.790
-12.633 -3.738 161.968   0.064  0.176 -1.360  -0.488  0.046  0.823   2.241  0.635  0.724
-13.694 -4.069 163.771   0.060  0.148 -1.340  -0.488  0.046  0.823   1.431  0.655  0.544
-14.325 -4.646 165.310   0.060  0.148 -1.340  -0.488  0.046  0.823   1.067  0.740  0.349
-15.025 -5.277 167.048   0.080  0.184 -1.292  -0.537  0.185  0.789   1.200  0.755  0.213
-15.525 -5.848 168.622   0.092  0.164 -1.228  -0.537  0.185  0.789   1.085  0.630  0.109
-15.564 -6.408 170.020   0.092  0.116 -1.184  -0.537  0.185  0.789   0.678  0.523  0.016
-15.640 -6.725 171.179   0.100  0.144 -1.140  -0.537  0.185  0.789   0.811  0.321 -0.204
-16.108 -6.845 172.279   0.104  0.188 -1.072  -0.571  0.275  0.773   1.251  0.202 -0.365
-16.705 -6.853 173.039   0.092  0.168 -1.040  -0.571  0.275  0.773   1.371  0.110 -0.601
-16.843 -7.014 173.525   0.072  0.092 -1.008  -0.571  0.275  0.773   0.871  0.176 -0.772
-16.648 -7.374 174.016   0.048  0.084 -0.960  -0.605  0.332  0.752   0.552  0.347 -0.829
-16.529 -7.809 174.525   0.028  0.104 -0.916  -0.605  0.332  0.752   0.642  0.476 -0.806
-16.499 -8.328 175.060   0.024  0.108 -0.856  -0.605  0.332  0.752   0.733  0.579 -0.767
-16.248 -8.934 175.562   0.024  0.080 -0.808  -0.664  0.341  0.722   0.510  0.646 -0.723
-15.796 -9.579 176.139   0.040  0.068 -0.756  -0.664  0.341  0.722   0.336  0.641 -0.676
-15.204 -10.183 176.743   0.040  0.080 -0.716  -0.664  0.341  0.722   0.254  0.626 -0.683
-14.542 -10.698 177.274   0.028  0.076 -0.676  -0.664  0.341  0.722   0.187  0.597 -0.738
-13.659 -11.128 177.662   0.024  0.068 -0.648  -0.724  0.332  0.701  -0.023  0.553 -0.795
-12.579 -11.504 178.044   0.028  0.064 -0.612  -0.724  0.332  0.701  -0.205  0.508 -0.834
-11.283 -11.777 178.405   0.040  0.068 -0.592  -0.724  0.332  0.701  -0.383  0.401 -0.911
-9.892 -11.910 178.494   0.056  0.072 -0.580  -0.778  0.251  0.694  -0.476  0.264 -0.982
-8.445 -11.888 178.497   0.056  0.060 -0.584  -0.778  0.251  0.694  -0.602  0.137 -1.048
-6.883 -11.732 178.453   0.052  0.060 -0.596  -0.778  0.251  0.694  -0.752  0.042 -1.109
-5.258 -11.427 178.068   0.068  0.080 -0.620  -0.796  0.133  0.690  -0.817 -0.115 -1.196
-3.675 -10.957 177.562   0.072  0.084 -0.656  -0.796  0.133  0.690  -0.832 -0.270 -1.307
-2.095 -10.311 176.925   0.072  0.080 -0.708  -0.796  0.133  0.690  -0.910 -0.431 -1.409
-0.467 -9.605 176.222   0.084  0.092 -0.756  -0.796  0.133  0.690  -0.977 -0.530 -1.507
 1.060 -8.846 175.003   0.088  0.104 -0.808  -0.778 -0.023  0.722  -0.969 -0.621 -1.593
 2.493 -8.025 173.704   0.076  0.108 -0.864  -0.778 -0.023  0.722  -0.936 -0.678 -1.669
 3.875 -7.196 172.370   0.076  0.120 -0.912  -0.778 -0.023  0.722  -0.911 -0.721 -1.738
 5.072 -6.390 170.373   0.080  0.124 -0.972  -0.726 -0.220  0.739  -0.843 -0.793 -1.774
 6.178 -5.532 168.448   0.080  0.144 -1.020  -0.726 -0.220  0.739  -0.738 -0.877 -1.792
 7.175 -4.664 166.577   0.072  0.152 -1.068  -0.726 -0.220  0.739  -0.644 -0.904 -1.797
 8.063 -3.906 164.241   0.064  0.156 -1.128  -0.638 -0.358  0.754  -0.605 -0.892 -1.786
 8.927 -3.213 161.991   0.056  0.156 -1.184  -0.638 -0.358  0.754  -0.600 -0.871 -1.775
 9.837 -2.573 159.808   0.064  0.156 -1.240  -0.638 -0.358  0.754  -0.652 -0.907 -1.774
10.851 -1.953 157.703   0.064  0.148 -1.300  -0.638 -0.358  0.754  -0.756 -0.976 -1.753
11.987 -1.449 155.061   0.056  0.148 -1.336  -0.535 -0.506  0.776  -0.884 -1.048 -1.763
13.262 -1.073 152.508   0.056  0.168 -1.372  -0.535 -0.506  0.776  -1.002 -1.070 -1.796
20.397 -0.984 145.404   1.724 -3.996  0.420  -0.535 -0.506  0.776  -5.311 -3.288 -6.320
22.630 -0.053 133.611   0.532 -1.128 -0.192  -0.258 -0.896  0.750  -2.657 -2.231 -9.546
19.999  1.984 122.967   0.000 -0.036 -0.896  -0.258 -0.896  0.750   2.389  0.076 -8.441
14.895  6.123 114.264  -0.128  0.100 -1.216  -0.258 -0.896  0.750   5.240  1.730 -7.561
10.349  9.511 106.520  -0.136  0.036 -1.480  -0.005 -0.720  0.820   4.295  2.287 -6.697
 6.926 11.586 99.616  -0.096  0.000 -1.560  -0.005 -0.720  0.820   2.704  2.169 -6.146
 4.690 11.706 92.967  -0.012 -0.076 -1.588  -0.005 -0.720  0.820   0.598  1.641 -5.874
 3.497  9.392 86.496   0.072 -0.088 -1.584  -0.005 -0.720  0.820  -1.738  0.768 -5.632
 2.679  5.943 79.802   0.124  0.180 -1.528   0.041 -0.728  0.827  -2.525  0.092 -5.701
 2.254  3.843 73.191   0.096  0.496 -1.448   0.041 -0.728  0.827  -1.024 -0.258 -5.697
 3.010  5.296 66.660   0.060  0.548 -1.372   0.041 -0.728  0.827   2.298 -0.275 -5.807
 4.684  8.847 59.730   0.016  0.316 -1.300   0.256 -0.673  0.833   4.099  0.040 -5.635
 5.876 11.808 53.743  -0.012  0.104 -1.260   0.256 -0.673  0.833   3.232  0.583 -5.304
 6.016 13.618 48.820  -0.056  0.012 -1.180   0.256 -0.673  0.833   1.763  0.996 -4.880
 4.629 14.482 44.397  -0.040  0.004 -1.116   0.266 -0.410  0.867   0.241  1.548 -4.522
 2.345 14.980 40.808  -0.012  0.076 -1.016   0.266 -0.410  0.867  -0.506  1.866 -3.921
 0.176 15.502 37.574   0.044  0.140 -0.932   0.266 -0.410  0.867  -0.440  1.750 -3.322
-1.405 16.101 34.351   0.072  0.200 -0.872   0.266 -0.410  0.867  -0.039  1.453 -2.932
-1.744 16.944 31.500   0.064  0.216 -0.800   0.171 -0.410  0.874   0.941  1.098 -2.537
-0.980 17.987 29.135   0.036  0.168 -0.756   0.171 -0.410  0.874   1.741  0.908 -2.256
 0.007 19.051 27.310   0.036  0.104 -0.704   0.171 -0.410  0.874   1.816  0.869 -2.039
 0.745 19.769 25.260   0.024  0.104 -0.704   0.127 -0.260  0.891   1.461  0.795 -1.921
 0.862 20.134 24.043   0.020  0.052 -0.668   0.127 -0.260  0.891   0.800  0.728 -1.841
 0.463 20.212 23.144   0.024  0.040 -0.640   0.127 -0.260  0.891   0.291  0.661 -1.780
-0.177 20.144 22.512   0.028  0.048 -0.612   0.065 -0.214  0.883   0.082  0.616 -1.700
-0.834 19.919 21.781   0.032  0.064 -0.612   0.065 -0.214  0.883   0.020  0.519 -1.612
-1.105 19.680 20.534   0.020  0.100 -0.628   0.065 -0.214  0.883   0.345  0.467 -1.601
-0.821 19.601 18.277   0.016  0.136 -0.648   0.065 -0.214  0.883   0.769  0.448 -1.649
-0.328 19.566 17.530   0.032  0.068 -0.708   0.023 -0.185  0.893   0.915  0.348 -1.669
 0.086 19.274 15.733   0.048  0.116 -0.708   0.023 -0.185  0.893   0.803  0.172 -1.634
 0.119 18.848 15.158   0.044  0.080 -0.768   0.023 -0.185  0.893   0.488  0.114 -1.570
-0.281 18.274 14.755   0.040  0.068 -0.824   0.021 -0.136  0.883   0.038  0.092 -1.389
-0.983 17.572 14.691   0.036  0.080 -0.872   0.021 -0.136  0.883  -0.245  0.056 -1.155
-1.555 16.776 14.353   0.040  0.104 -0.912   0.021 -0.136  0.883  -0.209 -0.043 -0.942
-1.948 15.953 14.060   0.048  0.136 -0.952   0.018 -0.159  0.880  -0.055 -0.128 -0.775
-1.950 15.141 13.436   0.044  0.164 -1.000   0.018 -0.159  0.880   0.219 -0.225 -0.524
-1.811 14.291 13.371   0.048  0.160 -1.036   0.018 -0.159  0.880   0.339 -0.303 -0.262
-1.798 13.358 14.227   0.044  0.140 -1.060   0.018 -0.159  0.880   0.232 -0.358 -0.037
-2.095 12.349 15.268   0.052  0.112 -1.084   0.036 -0.150  0.880  -0.115 -0.404  0.105
-2.658 11.209 16.683   0.048  0.108 -1.112   0.036 -0.150  0.880  -0.402 -0.463  0.291
-3.164  9.987 18.028   0.048  0.128 -1.132   0.036 -0.150  0.880  -0.419 -0.551  0.501
-3.463  8.787 19.073   0.048  0.156 -1.148   0.101 -0.179  0.882  -0.287 -0.619  0.704
-3.481  7.605 20.115   0.048  0.164 -1.148   0.101 -0.179  0.882  -0.085 -0.716  0.851
-3.441  6.438 21.524   0.048  0.144 -1.140   0.101 -0.179  0.882  -0.084 -0.744  1.036
-3.520  5.199 23.216   0.036  0.136 -1.136   0.142 -0.202  0.880  -0.245 -0.767  1.199
-3.718  3.946 25.004   0.048  0.128 -1.112   0.142 -0.202  0.880  -0.402 -0.786  1.344
-4.054  2.570 26.895   0.044  0.128 -1.092   0.142 -0.202  0.880  -0.607 -0.842  1.496
-4.421  1.165 28.781   0.056  0.128 -1.068   0.142 -0.202  0.880  -0.702 -0.894  1.628
-4.636 -0.226 30.892   0.056  0.128 -1.040   0.220 -0.272  0.885  -0.633 -0.949  1.757
-4.740 -1.605 33.026   0.048  0.132 -1.032   0.220 -0.272  0.885  -0.603 -0.988  1.856
-8.207 -7.810 46.496  -0.124 -1.016 -1.704   0.220 -0.272  0.885  -6.865 -2.402 10.787
-5.479 -10.892 53.692   1.176 -1.556 -1.340   0.320 -0.520  0.852  -0.557 -3.534  5.900
-1.431 -10.728 53.268   0.816 -0.528 -1.160   0.320 -0.520  0.852   1.103 -3.781 -0.944
 2.553 -8.964 52.755   0.148 -0.056 -1.124   0.320 -0.520  0.852   2.869 -2.250 -1.034
 4.794 -6.370 52.501  -0.160  0.008 -1.052   0.517 -0.364  0.836   2.846 -0.143 -0.138
 5.550 -3.416 52.823  -0.236  0.116 -1.052   0.517 -0.364  0.836   2.664  1.179  0.636
 5.324  0.206 53.730  -0.220  0.108 -1.024   0.517 -0.364  0.836   2.714  2.221  1.225
 3.891  2.538 55.244  -0.156 -0.084 -1.020   0.517 -0.364  0.836   0.904  2.370  1.477
 0.484  2.017 57.437  -0.016 -0.188 -1.008   0.357 -0.234  0.876  -2.238  2.222  2.027
-3.186 -0.490 59.486   0.108 -0.048 -0.972   0.357 -0.234  0.876  -3.623  1.436  2.621
-5.875 -2.764 61.048   0.196  0.188 -0.944   0.357 -0.234  0.876  -2.826  0.621  2.977
-6.444 -3.541 63.763   0.232  0.296 -0.936   0.230 -0.512  0.863  -0.607 -0.389  3.420
-5.498 -3.447 67.170   0.192  0.204 -0.932   0.230 -0.512  0.863   0.505 -1.090  3.755
-4.186 -3.913 70.760   0.156  0.128 -0.932   0.230 -0.512  0.863   0.032 -1.486  3.755
-2.779 -4.709 74.333   0.104  0.100 -0.924   0.264 -0.540  0.857  -0.313 -1.569  3.692
-1.531 -5.890 77.903   0.052  0.060 -0.932   0.264 -0.540  0.857  -0.818 -1.407  3.601
-0.733 -7.781 81.170   0.016  0.068 -0.924   0.264 -0.540  0.857  -1.569 -1.062  3.393
-0.235 -9.463 83.972   0.004  0.172 -0.912   0.264 -0.540  0.857  -1.303 -0.784  3.272
 0.177 -10.240 86.810  -0.004  0.212 -0.912   0.276 -0.705  0.835  -0.519 -0.575  3.170
 0.284 -10.219 89.245  -0.004  0.176 -0.912   0.276 -0.705  0.835   0.053 -0.257  2.901
 0.108 -10.176 91.236  -0.004  0.124 -0.932   0.276 -0.705  0.835  -0.045  0.020  2.571
-0.286 -10.314 93.061   0.012  0.104 -0.936   0.202 -0.751  0.823  -0.243  0.227  2.301
-0.787 -10.695 94.573   0.028  0.088 -0.936   0.202 -0.751  0.823  -0.485  0.321  2.130
-1.351 -11.423 95.914   0.040  0.092 -0.952   0.202 -0.751  0.823  -0.787  0.400  2.069
-1.804 -12.162 97.518   0.080  0.128 -0.956   0.101 -0.809  0.812  -0.760  0.274  2.142
-2.075 -12.662 99.073   0.100  0.168 -0.964   0.101 -0.809  0.812  -0.529  0.059  2.186
-2.035 -12.657 100.716   0.092  0.180 -0.972   0.101 -0.809  0.812  -0.127 -0.242  2.245
-1.863 -12.340 102.470   0.068  0.164 -0.976   0.101 -0.809  0.812   0.098 -0.341  2.311
-1.723 -12.035 104.445   0.048  0.140 -0.996   0.039 -0.832  0.812   0.066 -0.230  2.342
-1.622 -11.826 106.476   0.036  0.116 -1.000   0.039 -0.832  0.812  -0.043 -0.149  2.432
-1.517 -11.965 108.600   0.032  0.092 -1.008   0.039 -0.832  0.812  -0.376 -0.048  2.564
-1.318 -12.534 111.005   0.024  0.116 -1.028  -0.047 -0.832  0.799  -0.708  0.056  2.633
-1.339 -13.112 113.367   0.016  0.152 -1.032  -0.047 -0.832  0.799  -0.594  0.264  2.699
-1.619 -13.484 115.625   0.004  0.152 -1.040  -0.047 -0.832  0.799  -0.344  0.442  2.715
-2.132 -13.695 118.054   0.016  0.144 -1.044  -0.168 -0.818  0.788  -0.124  0.615  2.693
-2.705 -13.908 120.267   0.040  0.140 -1.052  -0.168 -0.818  0.788  -0.099  0.628  2.649
-3.159 -14.119 122.338   0.036  0.132 -1.048  -0.168 -0.818  0.788  -0.140  0.571  2.573
-3.476 -14.385 124.290   0.040  0.132 -1.048  -0.168 -0.818  0.788  -0.230  0.509  2.520
-3.506 -14.770 126.595   0.040  0.140 -1.044  -0.307 -0.789  0.774  -0.387  0.451  2.463
-3.469 -15.095 128.755   0.040  0.140 -1.048  -0.307 -0.789  0.774  -0.379  0.395  2.401
-3.465 -15.279 130.718   0.052  0.156 -1.048  -0.307 -0.789  0.774  -0.242  0.324  2.319
-3.463 -15.240 132.942   0.048  0.176 -1.044  -0.411 -0.731  0.756  -0.008  0.269  2.275
-3.557 -15.034 134.957   0.048  0.164 -1.040  -0.411 -0.731  0.756   0.136  0.224  2.202
-3.689 -14.788 136.795   0.048  0.156 -1.040  -0.411 -0.731  0.756   0.177  0.214  2.131
-3.770 -14.532 138.853   0.048  0.144 -1.024  -0.483 -0.630  0.758   0.190  0.217  2.063
-6.386 -12.686 141.641   0.052  0.136 -1.012  -0.483 -0.630  0.758   2.726  0.503  3.305
-6.026 -11.441 147.964   0.552 -1.220 -1.528  -0.483 -0.630  0.758   0.375 -1.067  5.458
-6.024 -9.839 151.860   0.284 -0.528 -1.512  -0.483 -0.630  0.758  -0.137 -0.955  4.435
-6.115 -8.572 155.864   0.144 -0.156 -1.296  -0.525 -0.315  0.799   0.266 -0.746  4.019
-5.462 -7.925 159.400   0.056 -0.080 -1.164  -0.525 -0.315  0.799  -0.421 -0.453  3.459
-4.604 -7.502 162.904   0.024  0.048 -1.096  -0.525 -0.315  0.799  -0.443 -0.312  3.265
-5.396 -6.608 167.130   0.016  0.256 -1.028  -0.499 -0.171  0.808   1.458 -0.254  3.128
-7.158 -5.754 170.842   0.020  0.252 -0.992  -0.499 -0.171  0.808   2.291 -0.171  2.878
-8.420 -5.440 173.895   0.020  0.104 -0.988  -0.499 -0.171  0.808   1.541  0.068  2.826
-8.020 -5.643 177.850   0.008  0.008 -1.000  -0.470  0.055  0.818  -0.049  0.321  2.966
-6.921 -5.929 -177.920   0.012  0.044 -1.008  -0.470  0.055  0.818  -0.577  0.408  3.160
-5.935 -6.043 -173.398   0.040  0.120 -0.996  -0.470  0.055  0.818  -0.335  0.276  3.300
-5.178 -5.779 -168.777   0.088  0.124 -1.004  -0.470  0.055  0.818  -0.178 -0.114  3.490
-4.752 -4.891 -163.844   0.124  0.152 -0.992  -0.442  0.147  0.818   0.032 -0.726  3.394
-5.246 -3.692 -159.213   0.140  0.220 -1.004  -0.442  0.147  0.818   0.753 -1.222  3.177
-6.219 -2.511 -155.164   0.112  0.172 -1.012  -0.442  0.147  0.818   0.954 -1.418  2.984
-6.600 -1.189 -150.823   0.068  0.084 -1.028  -0.274  0.295  0.829   0.165 -1.330  2.703
-6.154  0.249 -146.907   0.052  0.072 -1.028  -0.274  0.295  0.829  -0.639 -1.058  2.504
-5.589  1.540 -143.309   0.036  0.108 -1.020  -0.274  0.295  0.829  -0.694 -0.820  2.331
-5.171  2.470 -139.326   0.036  0.140 -1.000  -0.119  0.286  0.863  -0.470 -0.557  2.180
-4.923  3.145 -135.620   0.052  0.156 -0.996  -0.119  0.286  0.863  -0.238 -0.468  1.982
-4.980  3.554 -132.168   0.076  0.160 -1.000  -0.119  0.286  0.863   0.083 -0.509  1.773
-5.234  3.808 -129.012   0.084  0.148 -0.992  -0.119  0.286  0.863   0.251 -0.574  1.573
-5.509  4.092 -125.855   0.080  0.112 -0.984  -0.028  0.303  0.872   0.128 -0.594  1.325
-5.474  4.601 -123.099   0.056  0.076 -0.980  -0.028  0.303  0.872  -0.289 -0.489  1.141
-5.133  5.369 -120.515   0.048  0.084 -0.968  -0.028  0.303  0.872  -0.605 -0.351  1.008
-4.789  6.183 -117.907   0.052  0.120 -0.964   0.039  0.277  0.874  -0.662 -0.285  0.933
-4.441  6.965 -115.470   0.056  0.120 -0.948   0.039  0.277  0.874  -0.667 -0.237  0.838
-4.063  7.694 -113.226   0.044  0.116 -0.928   0.039  0.277  0.874  -0.640 -0.148  0.685
-3.644  8.157 -111.115   0.028  0.140 -0.928   0.072  0.223  0.893  -0.446  0.066  0.535
-3.042  8.395 -109.258   0.020  0.116 -0.916   0.072  0.223  0.893  -0.380  0.299  0.416
-2.263  8.700 -107.616   0.024  0.116 -0.912   0.072  0.223  0.893  -0.475  0.445  0.297
-1.498  9.009 -106.185   0.040  0.116 -0.920   0.072  0.223  0.893  -0.486  0.475  0.169
-0.722  9.373 -105.010   0.040  0.104 -0.908   0.044  0.182  0.887  -0.531  0.463 -0.001
-0.031  9.853 -104.111   0.040  0.116 -0.912   0.044  0.182  0.887  -0.613  0.431 -0.139
 0.611 10.353 -103.429   0.044  0.116 -0.920   0.044  0.182  0.887  -0.629  0.413 -0.321
 1.242 10.901 -103.156   0.040  0.120 -0.920   0.010  0.118  0.889  -0.678  0.404 -0.510
 1.861 11.485 -103.028   0.044  0.116 -0.944   0.010  0.118  0.889  -0.735  0.407 -0.653
 2.485 12.100 -103.086   0.036  0.124 -0.948   0.010  0.118  0.889  -0.772  0.432 -0.731
 3.284 12.655 -103.772   0.036  0.136 -0.964  -0.039  0.038  0.893  -0.773  0.533 -0.826
 4.154 13.052 -104.635   0.032  0.136 -0.980  -0.039  0.038  0.893  -0.690  0.638 -0.927
 5.036 13.329 -105.455   0.044  0.140 -1.000  -0.039  0.038  0.893  -0.609  0.694 -1.028
 5.908 13.493 -106.378   0.048  0.140 -1.020  -0.039  0.038  0.893  -0.539  0.732 -1.172
 7.034 13.389 -109.064   0.056  0.132 -1.036  -0.119 -0.026  0.882  -0.484  0.746 -1.326
 8.142 13.245 -111.896   0.044  0.140 -1.052  -0.119 -0.026  0.882  -0.489  0.767 -1.462
 9.252 13.066 -114.853   0.044  0.132 -1.064  -0.119 -0.026  0.882  -0.540  0.784 -1.572
 9.948 12.302 -119.848  -2.848 -4.012 -1.280  -0.173 -0.104  0.863   0.320  0.833 -4.228
13.308 13.491 -128.938  -2.024 -2.272 -1.412  -0.173 -0.104  0.863  -2.478  1.778 -7.291
12.626 12.188 -135.682  -0.912 -0.708 -1.228  -0.173 -0.104  0.863   1.025  1.040 -4.185
 9.219  9.459 -142.393  -0.324 -0.232 -1.164  -0.276 -0.205  0.857   3.481  0.076 -4.464
 5.407  7.865 -149.171  -0.108 -0.160 -1.216  -0.276 -0.205  0.857   3.213 -0.731 -4.467
 2.511  7.490 -155.829  -0.056  0.016 -1.164  -0.276 -0.205  0.857   2.168 -1.003 -4.095
-0.062  7.102 -161.675  -0.096  0.072 -1.124  -0.276 -0.205  0.857   2.290 -0.635 -3.921
-0.589  6.780 -167.442  -0.164 -0.148 -1.116  -0.222 -0.078  0.863   0.400  0.255 -3.387
 1.845  6.341 -172.975  -0.140 -0.272 -1.092  -0.222 -0.078  0.863  -2.234  0.930 -2.994
 7.325  5.091 -177.894  -0.096 -0.012 -1.036  -0.222 -0.078  0.863  -4.473  1.359 -2.840
10.754  2.950 178.185  -0.036  0.356 -1.000  -0.302 -0.335  0.844  -2.409  1.625 -2.802
10.145  0.947 175.250   0.004  0.412 -1.004  -0.302 -0.335  0.844   0.831  1.693 -2.720
 8.181 -1.070 171.232   0.056  0.240 -0.996  -0.302 -0.335  0.844   1.604  1.635 -2.795
 6.347 -2.814 167.037   0.064  0.200 -0.976  -0.408 -0.382  0.831   1.375  1.542 -2.901
 4.083 -4.119 162.629   0.112  0.200 -0.948  -0.408 -0.382  0.831   1.731  1.327 -3.071
 1.910 -4.823 157.606   0.116  0.068 -0.936  -0.408 -0.382  0.831   1.455  1.002 -3.281
 1.547 -5.765 152.593   0.124 -0.056 -0.932  -0.460 -0.425  0.810  -0.387  0.754 -3.337
 2.449 -7.125 148.170   0.112  0.028 -0.900  -0.460 -0.425  0.810  -1.415  0.519 -3.252
 3.353 -8.306 144.590   0.088  0.172 -0.892  -0.460 -0.425  0.810  -1.055  0.384 -3.131
 3.208 -8.667 141.184   0.060  0.200 -0.884  -0.460 -0.425  0.810   0.104  0.395 -3.137
 2.518 -8.846 136.967   0.028  0.144 -0.892  -0.429 -0.595  0.788   0.370  0.560 -3.245
 1.808 -9.119 132.795   0.016  0.144 -0.880  -0.429 -0.595  0.788   0.304  0.706 -3.370
 0.780 -9.202 128.556   0.016  0.136 -0.892  -0.429 -0.595  0.788   0.546  0.847 -3.505
-0.354 -9.353 124.084   0.032  0.072 -0.916  -0.401 -0.685  0.791   0.346  0.946 -3.482
-1.149 -9.899 119.924   0.048  0.064 -0.924  -0.401 -0.685  0.791  -0.178  0.907 -3.363
-1.577 -10.672 116.179   0.064  0.124 -0.920  -0.401 -0.685  0.791  -0.432  0.716 -3.227
-2.033 -10.861 112.338   0.096  0.144 -0.932  -0.341 -0.809  0.763  -0.015  0.403 -3.082
-2.248 -10.610 108.753   0.104  0.132 -0.940  -0.341 -0.809  0.763   0.214  0.073 -3.004
-2.130 -10.321 105.465   0.088  0.156 -0.956  -0.341 -0.809  0.763   0.218 -0.145 -2.973
-1.824 -9.813 102.384   0.076  0.148 -0.980  -0.341 -0.809  0.763   0.357 -0.313 -2.955
-1.558 -9.296 99.070   0.060  0.104 -1.008  -0.209 -0.861  0.773   0.284 -0.296 -2.904
-1.284 -9.293 96.005   0.048  0.088 -1.024  -0.209 -0.861  0.773  -0.164 -0.210 -2.822
-1.046 -9.636 93.162   0.048  0.108 -1.032  -0.209 -0.861  0.773  -0.414 -0.165 -2.738
-0.929 -9.990 90.240   0.040  0.128 -1.036  -0.090 -0.934  0.780  -0.399 -0.109 -2.597
-0.893 -10.157 87.643   0.040  0.132 -1.048  -0.090 -0.934  0.780  -0.239 -0.056 -2.405
-0.924 -10.160 85.331   0.048  0.144 -1.056  -0.090 -0.934  0.780  -0.083 -0.015 -2.224
-1.042 -10.023 82.922   0.048  0.144 -1.044   0.026 -0.965  0.769   0.027  0.028 -2.102
-1.172 -9.724 80.772   0.060  0.136 -1.044   0.026 -0.965  0.769   0.152  0.038 -1.941
-1.277 -9.467 78.882   0.064  0.144 -1.044   0.026 -0.965  0.769   0.141  0.016 -1.783
-1.313 -9.251 77.266   0.068  0.136 -1.048   0.026 -0.965  0.769   0.109 -0.049 -1.615
-1.308 -9.053 75.661   0.068  0.144 -1.044   0.101 -0.957  0.776   0.120 -0.108 -1.490
-1.256 -8.818 74.310   0.072  0.136 -1.032   0.101 -0.957  0.776   0.158 -0.143 -1.325
-1.132 -8.577 73.214   0.056  0.132 -1.024   0.101 -0.957  0.776   0.183 -0.164 -1.185
-1.027 -8.337 72.094   0.056  0.136 -1.016   0.163 -0.951  0.780   0.196 -0.167 -1.098
-0.882 -8.070 71.107   0.048  0.132 -1.012   0.163 -0.951  0.780   0.234 -0.173 -1.039
-0.690 -7.793 70.270   0.044  0.132 -0.996   0.163 -0.951  0.780   0.271 -0.200 -0.953
-0.484 -7.490 69.413   0.052  0.136 -0.980   0.222 -0.916  0.774   0.321 -0.243 -0.830
-0.269 -7.181 68.693   0.056  0.136 -0.964   0.222 -0.916  0.774   0.348 -0.259 -0.730
-0.035 -6.834 68.158   0.060  0.124 -0.960   0.222 -0.916  0.774   0.376 -0.271 -0.596
 0.214 -6.541 67.830   0.052  0.136 -0.960   0.222 -0.916  0.774   0.378 -0.283 -0.441
 0.444 -6.259 67.548   0.048  0.132 -0.956   0.261 -0.896  0.789   0.369 -0.280 -0.314
 0.679 -5.987 67.400   0.044  0.128 -0.948   0.261 -0.896  0.789   0.369 -0.280 -0.216
 3.646 -0.089 70.207   1.160 -4.016 -1.180   0.261 -0.896  0.789   5.741 -0.552  2.313
 5.174 -0.420 70.969   0.848 -1.988 -1.340   0.295 -0.812  0.816   0.171 -1.354  0.659
 6.772  3.689 71.623   0.388 -0.748 -1.084   0.295 -0.812  0.816   2.792 -0.860  0.755
 7.757  6.489 72.118   0.152 -0.476 -1.036   0.295 -0.812  0.816   1.945 -0.484  0.600
 7.700  6.588 72.784   0.072 -0.288 -1.032   0.295 -0.717  0.827  -0.175 -0.224  0.720
 7.711  7.080 73.500   0.028  0.084 -1.004   0.315 -0.717  0.827   0.881 -0.112  0.997
 7.985  9.308 73.924   0.004  0.228 -0.952   0.315 -0.717  0.827   2.703  0.109  0.931
 8.106 11.377 74.709  -0.008  0.088 -0.968   0.315 -0.717  0.827   2.340  0.247  1.049
 7.481 11.377 76.089   0.008 -0.056 -1.004   0.276 -0.564  0.853   0.219  0.385  1.459
 6.584 10.016 77.600   0.040 -0.004 -1.028   0.276 -0.564  0.853  -0.894  0.308  1.707
 5.937  8.912 78.964   0.072  0.136 -1.040   0.276 -0.564  0.853  -0.448  0.108  1.933
 5.646  8.538 80.829   0.048  0.168 -1.064   0.220 -0.621  0.852   0.271 -0.029  2.185
 5.493  8.311 82.868   0.064  0.160 -1.084   0.220 -0.621  0.852   0.378 -0.144  2.439
 5.565  8.565 84.874   0.060  0.224 -1.112   0.220 -0.621  0.852   0.897 -0.299  2.565
 5.836  9.520 86.790   0.068  0.236 -1.124   0.220 -0.621  0.852   1.529 -0.458  2.606
 6.250 10.687 88.780   0.048  0.148 -1.148   0.178 -0.558  0.850   1.615 -0.553  2.567
 6.589 10.918 90.735   0.044  0.080 -1.156   0.178 -0.558  0.850   0.716 -0.518  2.511
 6.909 10.500 92.485   0.060  0.096 -1.152   0.178 -0.558  0.850   0.163 -0.535  2.445
 7.265 10.032 93.882   0.068  0.148 -1.156   0.186 -0.509  0.857   0.179 -0.578  2.308
 7.582  9.766 94.973   0.064  0.160 -1.128   0.186 -0.509  0.857   0.335 -0.584  2.147
 7.820  9.632 95.980   0.056  0.156 -1.112   0.186 -0.509  0.857   0.444 -0.530  2.070
 7.911  9.717 96.818   0.036  0.188 -1.084   0.199 -0.503  0.861   0.698 -0.420  1.981
 7.861 10.086 97.592   0.044  0.180 -1.080   0.199 -0.503  0.861   0.941 -0.346  1.934
 7.678 10.486 98.514   0.032  0.124 -1.052   0.199 -0.503  0.861   0.924 -0.204  1.969
 7.428 10.356 99.498   0.036  0.092 -1.016   0.199 -0.503  0.861   0.436 -0.072  2.015
 7.195  9.847 100.426   0.036  0.108 -0.984   0.186 -0.454  0.863   0.131 -0.029  2.070
 6.980  9.363 101.323   0.044  0.124 -0.948   0.186 -0.454  0.863   0.157 -0.065  2.126
 6.823  8.910 102.208   0.048  0.124 -0.920   0.186 -0.454  0.863   0.157 -0.122  2.168
 6.711  8.424 103.156   0.048  0.120 -0.884   0.163 -0.462  0.863   0.111 -0.161  2.175
 6.570  7.978 104.081   0.044  0.120 -0.864   0.163 -0.462  0.863   0.143 -0.137  2.171
 6.312  7.602 105.015   0.032  0.108 -0.844   0.163 -0.462  0.863   0.207 -0.026  2.138
 5.900  7.131 106.039   0.016  0.084 -0.824   0.145 -0.462  0.870   0.127  0.171  2.080
 5.372  6.450 107.042   0.004  0.080 -0.804   0.145 -0.462  0.870  -0.026  0.358  2.032
 4.741  5.612 107.880   0.012  0.096 -0.792   0.145 -0.462  0.870  -0.116  0.476  1.971
 3.969  4.767 108.495   0.028  0.112 -0.792   0.145 -0.462  0.870  -0.090  0.574  1.882
 3.126  4.035 109.348   0.040  0.104 -0.796   0.057 -0.477  0.867  -0.006  0.604  1.799
 2.345  3.349 110.047   0.040  0.108 -0.800   0.057 -0.477  0.867   0.009  0.569  1.706
 1.627  2.752 110.624   0.044  0.112 -0.808   0.057 -0.477  0.867   0.050  0.509  1.651
 0.997  2.215 111.392   0.044  0.112 -0.832   0.000 -0.465  0.865   0.070  0.454  1.587
 0.426  1.645 112.058   0.048  0.104 -0.856   0.000 -0.465  0.865  -0.010  0.442  1.537
-0.080  1.040 112.727   0.036  0.108 -0.884   0.000 -0.465  0.865  -0.058  0.454  1.502
-0.587  0.423 113.780   0.036  0.132 -0.912  -0.072 -0.468  0.863  -0.016  0.496  1.476
-1.197 -0.115 114.739   0.040  0.140 -0.952  -0.072 -0.468  0.863   0.081  0.568  1.447
-1.888 -0.586 115.663   0.032  0.144 -0.992  -0.072 -0.468  0.863   0.164  0.656  1.408
-2.659 -0.996 116.475   0.032  0.140 -1.020  -0.072 -0.468  0.863   0.229  0.726  1.349
-3.167 -0.715 118.188   0.024  0.140 -1.276  -0.137 -0.422  0.853   0.642  0.331  1.723
-0.356 -2.454 124.652  -0.212 -1.056 -1.268  -0.137 -0.422  0.853  -3.784 -0.806  5.955
-1.131  1.667 130.232  -0.032  0.260 -1.192  -0.137 -0.422  0.853   3.636 -1.541  4.880
-3.701  7.329 136.875  -0.024  0.412 -1.152  -0.129 -0.303  0.874   5.708 -1.521  4.076
-5.661 10.697 141.325  -0.116  0.092 -1.356  -0.129 -0.303  0.874   3.620 -1.037  3.837
-7.172 12.549 145.348  -0.120  0.004 -1.388  -0.129 -0.303  0.874   2.433 -0.465  3.795
-9.691 13.301 152.331  -0.100  0.104 -1.328  -0.057  0.038  0.891   2.375  0.364  3.675
-11.566 12.441 158.771  -0.112  0.012 -1.332  -0.057  0.038  0.891   1.431  1.095  3.787
-10.617  9.748 163.110  -0.108 -0.164 -1.340  -0.057  0.038  0.891  -1.225  1.908  4.155
-8.625  6.693 169.009  -0.056 -0.024 -1.332  -0.057  0.038  0.891  -2.006  1.933  4.390
-8.330  5.400 176.671   0.092  0.264 -1.308  -0.142  0.055  0.882   0.000  0.946  4.779
-9.486  5.356 -175.322   0.208  0.388 -1.292  -0.142  0.055  0.882   1.480 -0.060  4.973
-11.246  6.260 -167.373   0.232  0.272 -1.296  -0.142  0.055  0.882   1.821 -1.244  4.852
-13.017  7.323 -159.690   0.136  0.220 -1.304  -0.008  0.237  0.891   1.493 -1.574  4.568
-14.800  7.905 -152.327   0.064  0.224 -1.292  -0.008  0.237  0.891   1.480 -1.392  4.312
-15.935  8.195 -145.465   0.028  0.124 -1.260  -0.008  0.237  0.891   0.883 -1.150  4.061
-15.906  8.666 -138.893   0.020  0.056 -1.224   0.217  0.306  0.887  -0.333 -0.696  3.784
-15.417  9.249 -132.692   0.016  0.112 -1.172   0.217  0.306  0.887  -0.693 -0.441  3.537
-15.331  9.431 -126.909   0.032  0.228 -1.124   0.217  0.306  0.887  -0.079 -0.357  3.182
-15.985  8.764 -121.293   0.076  0.236 -1.092   0.217  0.306  0.887   0.909 -0.490  2.968
-16.972  7.865 -115.845   0.100  0.180 -1.056   0.372  0.251  0.883   1.090 -0.689  2.672
-17.902  6.843 -110.797   0.108  0.172 -1.020   0.372  0.251  0.883   1.139 -0.754  2.375
-18.711  5.563 -106.101   0.084  0.164 -0.968   0.372  0.251  0.883   1.274 -0.709  2.153
-19.216  4.190 -101.716   0.072  0.100 -0.972   0.504  0.289  0.859   1.147 -0.562  1.901
-19.346  3.556 -97.755   0.068  0.044 -0.916   0.504  0.289  0.859   0.374 -0.503  1.589
-19.495  3.338 -94.156   0.072  0.080 -0.868   0.504  0.289  0.859   0.077 -0.600  1.337
-19.776  2.824 -90.710   0.056  0.136 -0.804   0.592  0.289  0.840   0.417 -0.650  1.243
-19.956  1.712 -87.562   0.024  0.152 -0.756   0.592  0.289  0.840   0.952 -0.557  1.095
-19.733  0.310 -84.688  -0.004  0.140 -0.732   0.592  0.289  0.840   1.196 -0.259  0.956
-19.020 -1.100 -82.566  -0.012  0.148 -0.704   0.592  0.289  0.840   1.317  0.115  0.388
-17.912 -2.563 -81.144  -0.008  0.120 -0.700   0.649  0.324  0.808   1.393  0.385 -0.255
-16.535 -3.635 -79.845  -0.008  0.080 -0.692   0.649  0.324  0.808   1.062  0.615 -0.406
-15.033 -4.204 -78.551   0.000  0.072 -0.684   0.649  0.324  0.808   0.708  0.772 -0.424
-13.485 -4.276 -77.592  -0.012  0.064 -0.696   0.587  0.422  0.806   0.362  0.897 -0.472
-11.881 -4.131 -76.698   0.004  0.072 -0.704   0.587  0.422  0.806   0.263  0.990 -0.523
-10.281 -3.831 -76.010   0.008  0.096 -0.732   0.587  0.422  0.806   0.230  1.064 -0.652
-8.705 -3.418 -75.800   0.016  0.096 -0.760   0.473  0.462  0.814   0.182  1.070 -0.817
-7.210 -2.951 -76.088   0.020  0.100 -0.792   0.473  0.462  0.814   0.133  1.059 -1.237
-5.747 -2.321 -76.113   0.016  0.084 -0.840   0.473  0.462  0.814  -0.058  1.120 -1.025
-4.252 -1.388 -76.275   0.000  0.088 -0.888   0.473  0.462  0.814  -0.314  1.297 -1.103
-2.611 -0.181 -76.967   0.000  0.108 -0.932   0.333  0.465  0.821  -0.480  1.517 -1.219
-0.869  1.037 -77.825   0.008  0.144 -0.964   0.333  0.465  0.821  -0.442  1.658 -1.334
 0.952  1.980 -78.875   0.020  0.152 -1.016   0.333  0.465  0.821  -0.234  1.718 -1.517
 2.834  2.619 -80.704   0.040  0.144 -1.064   0.137  0.445  0.836  -0.045  1.702 -1.725
 4.592  3.124 -82.730   0.036  0.152 -1.112   0.137  0.445  0.836  -0.008  1.648 -1.928
 6.229  3.594 -84.811   0.052  0.140 -1.168   0.137  0.445  0.836  -0.080  1.575 -2.079
 7.763  4.127 -87.848   0.072  0.132 -1.204  -0.067  0.434  0.823  -0.289  1.450 -2.292
 9.099  4.824 -90.995   0.076  0.136 -1.248  -0.067  0.434  0.823  -0.529  1.310 -2.490
10.286  5.571 -94.287   0.052  0.148 -1.296  -0.067  0.434  0.823  -0.656  1.224 -2.653
11.447  6.331 -97.625   0.036  0.172 -1.328  -0.067  0.434  0.823  -0.730  1.218 -2.752
12.961  6.846 -101.097  -2.628 -1.788 -1.320  -0.251  0.329  0.810  -0.657  1.222 -2.879
16.356  2.375 -112.039  -2.276 -1.400 -1.660  -0.251  0.329  0.810   2.912  3.965 -9.337
19.542 -1.573 -121.304  -0.624 -0.416 -1.812  -0.251  0.329  0.810   1.348  4.968 -6.629
16.965 -5.493 -131.156   0.000 -0.256 -1.612  -0.654  0.234  0.716   3.384  0.702 -7.088
13.182 -6.073 -141.135   0.152 -0.284 -1.412  -0.654  0.234  0.716   1.938 -1.567 -7.227
10.759 -4.144 -149.827   0.124 -0.080 -1.360  -0.654  0.234  0.716   0.345 -2.348 -6.757
 8.701 -1.946 -158.296   0.004  0.100 -1.308  -0.628 -0.043  0.752   0.606 -2.326 -6.354
 6.601 -0.759 -165.793  -0.104 -0.028 -1.272  -0.628 -0.043  0.752   1.141 -1.283 -5.615
 6.868 -0.281 -172.465  -0.104 -0.208 -1.228  -0.628 -0.043  0.752  -0.801 -0.108 -4.916
10.488 -0.515 -178.353  -0.128 -0.208 -1.228  -0.628 -0.043  0.752  -3.653  0.710 -4.464
14.107 -1.718 175.743  -0.108 -0.008 -1.148  -0.607 -0.382  0.759  -3.494  1.086 -4.171
14.872 -3.326 171.018  -0.056  0.328 -1.088  -0.607 -0.382  0.759  -0.730  1.357 -3.851
13.306 -4.699 166.710   0.012  0.392 -1.044  -0.607 -0.382  0.759   1.295  1.459 -3.694
11.040 -6.180 161.477   0.060  0.248 -1.008  -0.638 -0.604  0.714   1.504  1.549 -3.695
 8.253 -7.171 156.182   0.100  0.212 -0.936  -0.638 -0.604  0.714   1.907  1.417 -3.741
 4.984 -7.114 150.935   0.160  0.228 -0.852  -0.638 -0.604  0.714   2.653  0.865 -3.771
 2.519 -6.405 145.496   0.208  0.116 -0.796  -0.602 -0.647  0.720   2.026  0.132 -3.723
 1.574 -5.762 140.222   0.216 -0.048 -0.764  -0.602 -0.647  0.720   0.546 -0.358 -3.690
 2.143 -5.643 135.401   0.168 -0.036 -0.728  -0.602 -0.647  0.720  -0.642 -0.743 -3.670
 2.876 -5.579 130.942   0.104  0.048 -0.684  -0.602 -0.647  0.720  -0.468 -0.733 -3.758
 3.163 -5.307 126.092   0.048  0.136 -0.660  -0.429 -0.815  0.735   0.203 -0.492 -3.882
 3.148 -4.920 121.307   0.020  0.116 -0.648  -0.429 -0.815  0.735   0.424 -0.242 -4.009
 2.688 -4.372 116.617   0.000  0.136 -0.652  -0.429 -0.815  0.735   0.820  0.126 -4.144
 1.662 -3.278 111.557   0.004  0.176 -0.656  -0.269 -0.896  0.763   1.581  0.369 -4.191
 0.494 -1.882 106.719   0.008  0.148 -0.684  -0.269 -0.896  0.763   1.783  0.520 -4.127
-0.580 -0.668 102.053   0.024  0.080 -0.732  -0.269 -0.896  0.763   1.410  0.583 -4.053
-1.471  0.222 97.309   0.052  0.092 -0.768  -0.137 -0.861  0.782   1.107  0.513 -3.930
-2.083  1.219 92.839   0.076  0.120 -0.800  -0.137 -0.861  0.782   1.218  0.312 -3.807
-2.420  2.236 88.582   0.108  0.116 -0.848  -0.137 -0.861  0.782   1.205  0.101 -3.701
-2.512  3.231 84.525   0.124  0.120 -0.916  -0.137 -0.861  0.782   1.205 -0.043 -3.650
-2.344  4.350 80.228   0.112  0.148 -0.960   0.005 -0.801  0.808   1.383 -0.153 -3.612
-2.026  5.572 76.134   0.092  0.152 -1.020   0.005 -0.801  0.808   1.535 -0.120 -3.637
-1.688  6.669 72.235   0.072  0.112 -1.080   0.005 -0.801  0.808   1.394 -0.035 -3.673
-1.547  7.296 68.109   0.056  0.080 -1.132   0.134 -0.705  0.840   0.904  0.098 -3.665
-1.652  7.443 64.372   0.028  0.096 -1.168   0.134 -0.705  0.840   0.471  0.227 -3.551
-1.985  7.458 61.042   0.028  0.128 -1.204   0.134 -0.705  0.840   0.313  0.379 -3.331
-2.403  7.530 57.728   0.024  0.152 -1.244   0.209 -0.630  0.840   0.313  0.492 -3.126
-2.884  7.781 54.877   0.020  0.168 -1.276   0.209 -0.630  0.840   0.402  0.651 -2.840
-3.336  8.294 52.442   0.024  0.184 -1.280   0.209 -0.630  0.840   0.596  0.789 -2.547
-3.742  9.036 50.291   0.048  0.196 -1.292   0.209 -0.630  0.840   0.770  0.883 -2.315
-4.079  9.818 48.307   0.056  0.176 -1.280   0.204 -0.566  0.855   0.788  0.887 -2.147
-4.457 10.460 46.682   0.060  0.156 -1.268   0.204 -0.566  0.855   0.639  0.863 -1.925
-4.914 10.880 45.334   0.080  0.148 -1.228   0.204 -0.566  0.855   0.438  0.775 -1.708
-5.311 11.130 44.216   0.084  0.144 -1.200   0.176 -0.506  0.870   0.353  0.649 -1.502
-5.640 11.286 43.281   0.092  0.140 -1.164   0.176 -0.506  0.870   0.325  0.550 -1.342
-5.863 11.367 42.520   0.100  0.140 -1.108   0.176 -0.506  0.870   0.347  0.434 -1.157
-5.976 11.389 41.904   0.096  0.140 -1.060   0.168 -0.477  0.868   0.379  0.341 -0.984
-5.986 11.365 41.570   0.080  0.128 -1.028   0.168 -0.477  0.868   0.403  0.281 -0.800
-5.979 11.297 41.392   0.076  0.132 -0.988   0.168 -0.477  0.868   0.401  0.247 -0.653
-6.020 11.179 41.438   0.076  0.128 -0.940   0.168 -0.477  0.868   0.343  0.233 -0.453
-6.080 11.015 41.751   0.068  0.100 -0.884   0.150 -0.439  0.872   0.262  0.215 -0.267
-6.191 10.771 42.228   0.060  0.112 -0.852   0.150 -0.439  0.872   0.207  0.206 -0.096
-6.104 10.572 43.304   0.008  0.008 -0.720   0.150 -0.439  0.872   0.147  0.181  0.028
-3.071 16.755 50.338   0.240 -0.692 -0.940   0.088 -0.309  0.885   4.886  1.481  5.793
-3.323 17.000 55.563   0.420 -0.524 -1.088   0.088 -0.309  0.885  -0.317 -0.054  4.114
-2.907 16.440 58.106   0.324 -0.192 -0.848   0.088 -0.309  0.885  -0.258 -0.819  2.461
-2.314 15.579 60.020   0.156 -0.192 -0.800   0.088 -0.309  0.885  -0.380 -0.850  1.597
-3.001 12.952 61.832   0.104 -0.068 -0.808   0.103 -0.303  0.882  -2.022 -0.523  1.422
-3.453 10.562 62.867   0.072  0.152 -0.804   0.103 -0.303  0.882  -1.454 -0.509  1.686
-3.282  9.575 63.305   0.060  0.224 -0.804   0.103 -0.303  0.882  -0.160 -0.503  1.799
-2.596  9.616 64.773   0.028  0.176 -0.828   0.127 -0.405  0.878   0.913 -0.348  1.729
-2.089 10.120 66.681   0.032  0.108 -0.856   0.127 -0.405  0.878   1.080 -0.067  1.873
-2.054 10.092 69.158   0.044  0.048 -0.908   0.127 -0.405  0.878   0.381  0.076  2.242
-2.332  9.289 71.940   0.064  0.016 -0.936   0.111 -0.376  0.878  -0.418  0.059  2.549
-2.739  7.398 74.967   0.084  0.036 -0.956   0.111 -0.376  0.878  -1.362 -0.111  2.968
-2.986  5.008 77.955   0.104  0.120 -0.968   0.111 -0.376  0.878  -1.702 -0.335  3.364
-2.931  3.024 80.786   0.104  0.208 -0.984   0.111 -0.376  0.878  -1.286 -0.506  3.631
-2.355  2.255 84.464   0.092  0.208 -0.984   0.085 -0.491  0.859  -0.167 -0.702  3.910
-1.641  2.352 88.127   0.088  0.232 -1.008   0.085 -0.491  0.859   0.566 -0.770  4.033
-1.004  2.273 91.843   0.068  0.156 -1.020   0.085 -0.491  0.859   0.268 -0.663  3.955
-0.442  1.853 95.471   0.056  0.108 -1.032   0.078 -0.465  0.872  -0.143 -0.562  3.885
 0.071  0.839 98.912   0.056  0.080 -1.052   0.078 -0.465  0.872  -0.749 -0.442  3.791
 0.640 -0.778 102.137   0.044  0.064 -1.064   0.078 -0.465  0.872  -1.352 -0.335  3.640
 1.221 -2.411 105.416   0.048  0.096 -1.084   0.039 -0.564  0.855  -1.378 -0.292  3.568
 1.666 -3.718 108.441   0.064  0.160 -1.072   0.039 -0.564  0.855  -1.036 -0.257  3.529
 1.878 -4.398 111.224   0.056  0.188 -1.076   0.039 -0.564  0.855  -0.453 -0.203  3.405
 1.893 -4.773 113.827   0.056  0.192 -1.056   0.039 -0.564  0.855  -0.159 -0.131  3.350
 1.892 -5.243 116.701   0.044  0.144 -1.052  -0.021 -0.581  0.838  -0.302  0.006  3.366
 1.961 -5.955 119.508   0.048  0.112 -1.044  -0.021 -0.581  0.838  -0.585  0.078  3.400
 2.140 -6.925 122.316   0.052  0.092 -1.024  -0.021 -0.581  0.838  -0.877  0.143  3.485
 2.409 -7.990 125.430   0.052  0.116 -1.020  -0.103 -0.598  0.842  -0.954  0.191  3.539
 2.609 -8.983 128.413   0.056  0.136 -1.008  -0.103 -0.598  0.842  -0.854  0.236  3.529
 2.602 -9.730 131.255   0.048  0.160 -0.996  -0.103 -0.598  0.842  -0.537  0.291  3.488
 2.422 -10.210 134.310   0.052  0.144 -0.972  -0.220 -0.595  0.827  -0.269  0.338  3.393
 2.219 -10.758 137.108   0.048  0.140 -0.956  -0.220 -0.595  0.827  -0.289  0.429  3.266
 2.057 -11.322 139.729   0.036  0.120 -0.968  -0.220 -0.595  0.827  -0.350  0.479  3.184
 1.967 -12.053 142.124   0.036  0.112 -0.960  -0.220 -0.595  0.827  -0.495  0.582  3.066
 2.057 -12.854 144.809   0.036  0.124 -0.960  -0.328 -0.558  0.814  -0.590  0.635  2.962
 1.905 -13.145 147.093   0.008  0.080 -0.976  -0.328 -0.558  0.814  -0.245  0.492  2.750
 0.981 -11.972 148.380  -0.256 -0.268 -1.080  -0.328 -0.558  0.814   0.519  0.320  2.041
 0.211 -11.274 149.926  -0.360 -0.536 -1.188  -0.419 -0.486  0.810  -0.047  0.700  2.080
-0.690 -10.425 151.581  -0.252 -0.296 -1.180  -0.419 -0.486  0.810   0.408  0.472  2.209
-1.809 -9.850 152.960  -0.120 -0.128 -1.116  -0.419 -0.486  0.810   0.704  0.534  2.055
-2.507 -9.603 154.725  -0.004 -0.012 -1.032  -0.496 -0.379  0.797   0.482  0.402  2.019
-3.302 -8.989 157.267   0.024  0.192 -0.908  -0.496 -0.379  0.797   1.199  0.081  2.305
-5.081 -7.821 160.039   0.032  0.256 -0.892  -0.496 -0.379  0.797   2.354 -0.106  2.504
-6.055 -7.060 162.945   0.036  0.280 -0.916  -0.496 -0.379  0.797   1.675 -0.110  2.546
-5.983 -6.638 166.964   0.048  0.356 -0.904  -0.496 -0.127  0.803   0.907 -0.022  2.371
-5.214 -6.649 170.546   0.040  0.372 -0.892  -0.496 -0.127  0.803   0.259  0.217  1.991
-4.010 -7.098 173.285   0.028  0.332 -0.896  -0.496 -0.127  0.803  -0.244  0.549  1.403
-2.603 -7.786 174.702  -0.016  0.236 -0.980  -0.512 -0.055  0.799  -0.682  0.811  0.415
-0.758 -8.577 175.246  -0.044  0.224 -1.080  -0.512 -0.055  0.799  -1.163  0.941 -0.276
 0.917 -9.046 174.983  -0.036  0.264 -1.152  -0.512 -0.055  0.799  -1.005  0.699 -1.015
 1.630 -9.118 173.225   0.000  0.296 -1.156  -0.589 -0.162  0.774  -0.162  0.345 -1.884
 1.413 -8.852 170.670   0.020  0.228 -1.152  -0.589 -0.162  0.774   0.529  0.093 -2.383
 0.777 -8.387 167.496   0.048  0.124 -1.140  -0.589 -0.162  0.774   0.738 -0.078 -2.730
 0.351 -7.886 164.389   0.064  0.084 -1.088  -0.589 -0.162  0.774   0.534 -0.169 -2.723
-0.236 -7.577 161.288   0.072  0.060 -1.028  -0.563 -0.234  0.776   0.579  0.006 -2.472
-0.970 -7.357 158.520   0.084  0.040 -0.996  -0.563 -0.234  0.776   0.653  0.119 -2.211
-1.652 -7.206 156.156   0.104  0.032 -0.992  -0.563 -0.234  0.776   0.589  0.145 -1.915
-2.184 -7.009 153.912   0.112  0.056 -0.984  -0.563 -0.298  0.786   0.536  0.060 -1.745
-2.731 -6.742 151.636   0.128  0.044 -0.968  -0.563 -0.298  0.786   0.562 -0.005 -1.793
-3.236 -6.367 149.224   0.132  0.016 -0.960  -0.563 -0.298  0.786   0.529 -0.092 -1.917
-3.631 -5.987 146.623   0.120  0.008 -0.948  -0.548 -0.344  0.780   0.439 -0.104 -2.007
-3.962 -5.724 144.116   0.100  0.000 -0.960  -0.548 -0.344  0.780   0.328  0.012 -1.940
-4.188 -5.864 141.970   0.108  0.000 -0.952  -0.548 -0.344  0.780   0.073  0.232 -1.808
-4.408 -6.276 140.023   0.132  0.020 -0.940  -0.548 -0.344  0.780  -0.043  0.373 -1.705
-4.680 -6.743 138.066   0.164  0.040 -0.940  -0.540 -0.413  0.780  -0.049  0.380 -1.543
-4.932 -7.063 136.404   0.188  0.056 -0.944  -0.540 -0.413  0.780   0.038  0.242 -1.334
-5.087 -7.249 135.084   0.216  0.064 -0.956  -0.540 -0.413  0.780   0.055  0.060 -1.058
-5.219 -7.316 133.842   0.216  0.060 -0.948  -0.527 -0.460  0.778   0.073 -0.029 -0.871
-5.327 -7.313 132.880   0.216  0.064 -0.948  -0.527 -0.460  0.778   0.114 -0.079 -0.680
-5.447 -7.281 132.150   0.208  0.076 -0.956  -0.527 -0.460  0.778   0.175 -0.064 -0.554
-5.617 -7.248 131.413   0.208  0.064 -0.960  -0.514 -0.488  0.780   0.159 -0.032 -0.455
-5.745 -7.236 130.747   0.212  0.056 -0.964  -0.514 -0.488  0.780   0.105 -0.049 -0.402
-5.873 -7.154 130.132   0.220  0.044 -0.956  -0.514 -0.488  0.780   0.121 -0.104 -0.338
-5.967 -7.055 129.617   0.208  0.048 -0.960  -0.514 -0.488  0.780   0.136 -0.106 -0.312
-6.023 -6.997 129.157   0.192  0.048 -0.960  -0.494 -0.488  0.784   0.089 -0.077 -0.266
-6.052 -6.992 128.856   0.192  0.048 -0.960  -0.494 -0.488  0.784   0.042 -0.065 -0.146
-5.999 -7.016 128.672   0.200  0.036 -0.976  -0.494 -0.488  0.784  -0.054 -0.114 -0.031
-5.909 -6.997 128.555   0.200  0.036 -0.976  -0.488 -0.497  0.788  -0.051 -0.164  0.049
-5.858 -7.021 128.499   0.200  0.044 -0.968  -0.488 -0.497  0.788  -0.043 -0.121  0.094
-5.795 -7.103 128.595   0.180  0.052 -0.972  -0.488 -0.497  0.788  -0.062 -0.055  0.162
-5.754 -7.266 128.807   0.176  0.060 -0.972  -0.486 -0.503  0.782  -0.091  0.012  0.263
-5.716 -7.431 129.088   0.180  0.060 -0.980  -0.486 -0.503  0.782  -0.099  0.012  0.338
-5.733 -7.562 129.301   0.204  0.056 -0.976  -0.486 -0.503  0.782  -0.072 -0.017  0.360
-5.703 -7.641 129.499   0.192  0.052 -0.972  -0.486 -0.503  0.782  -0.069 -0.051  0.327
-5.674 -7.716 129.679   0.196  0.060 -0.980  -0.475 -0.497  0.789  -0.056 -0.057  0.334
-5.595 -7.818 129.930   0.184  0.056 -0.976  -0.475 -0.497  0.789  -0.107 -0.051  0.373
-5.471 -7.918 130.241   0.168  0.060 -0.964  -0.475 -0.497  0.789  -0.117 -0.053  0.388
-5.329 -7.999 130.645   0.168  0.064 -0.964  -0.494 -0.488  0.793  -0.100 -0.071  0.402
-5.251 -7.995 131.020   0.160  0.060 -0.964  -0.494 -0.488  0.793  -0.017 -0.060  0.371
-5.256 -7.952 131.320   0.156  0.044 -0.964  -0.494 -0.488  0.793   0.016 -0.026  0.361
-5.250 -7.962 131.676   0.160  0.044 -0.968  -0.499 -0.477  0.784  -0.018 -0.007  0.384
-5.253 -7.970 131.995   0.164  0.036 -0.964  -0.499 -0.477  0.784  -0.033 -0.013  0.389
-5.191 -8.003 132.284   0.168  0.044 -0.968  -0.499 -0.477  0.784  -0.069 -0.046  0.361
-5.121 -8.001 132.562   0.156  0.048 -0.964  -0.499 -0.477  0.784  -0.040 -0.049  0.328
-5.058 -7.994 132.788   0.148  0.044 -0.964  -0.481 -0.465  0.791  -0.044 -0.033  0.305
-5.009 -7.992 132.972   0.144  0.036 -0.968  -0.481 -0.465  0.791  -0.057 -0.013  0.281
-4.956 -7.984 133.143   0.148  0.044 -0.968  -0.481 -0.465  0.791  -0.040 -0.029  0.272
-4.882 -7.949 133.370   0.140  0.052 -0.964  -0.496 -0.471  0.793  -0.010 -0.043  0.264
-4.835 -7.906 133.570   0.144  0.052 -0.972  -0.496 -0.471  0.793   0.007 -0.039  0.259
-4.751 -7.851 133.826   0.124  0.056 -0.976  -0.496 -0.471  0.793   0.010 -0.028  0.258
-4.704 -7.794 134.089   0.128  0.052 -0.972  -0.494 -0.457  0.788   0.026 -0.015  0.256
-4.671 -7.772 134.272   0.136  0.044 -0.968  -0.494 -0.457  0.788  -0.008 -0.007  0.231
-4.575 -7.745 134.453   0.128  0.052 -0.976  -0.494 -0.457  0.788  -0.021 -0.029  0.196
-4.460 -7.744 134.634   0.136  0.068 -0.980  -0.494 -0.445  0.789  -0.011 -0.042  0.158
-4.387 -7.720 134.715   0.128  0.064 -0.968  -0.491 -0.445  0.789   0.016 -0.022  0.087
-4.334 -7.687 134.750   0.124  0.064 -0.980  -0.491 -0.445  0.789   0.033 -0.007  0.041
-4.326 -7.615 134.685   0.128  0.052 -0.968  -0.491 -0.445  0.789   0.056 -0.017 -0.006
-4.306 -7.532 134.590   0.128  0.052 -0.972  -0.491 -0.442  0.795   0.058 -0.033 -0.042
-4.258 -7.450 134.507   0.116  0.060 -0.976  -0.491 -0.442  0.795   0.064 -0.024 -0.081
-4.258 -7.370 134.364   0.120  0.056 -0.980  -0.491 -0.442  0.795   0.082 -0.004 -0.114
-4.298 -7.304 134.108   0.124  0.048 -0.984  -0.483 -0.445  0.789   0.076  0.017 -0.166
-4.355 -7.252 133.793   0.132  0.040 -0.984  -0.483 -0.445  0.789   0.059  0.020 -0.191
-4.399 -7.205 133.475   0.132  0.044 -0.984  -0.483 -0.445  0.789   0.060  0.016 -0.213
-4.432 -7.186 133.149   0.136  0.056 -0.988  -0.483 -0.445  0.789   0.064  0.018 -0.248
-4.514 -7.121 132.793   0.136  0.048 -0.976  -0.468 -0.428  0.791   0.105  0.020 -0.262
-4.595 -7.075 132.454   0.128  0.056 -0.980  -0.468 -0.428  0.791   0.117  0.050 -0.295
-4.655 -7.045 132.146   0.120  0.060 -0.980  -0.468 -0.428  0.791   0.109  0.065 -0.307
-4.720 -7.008 131.760   0.120  0.048 -0.972  -0.478 -0.454  0.793   0.087  0.060 -0.323
-4.743 -6.996 131.394   0.124  0.060 -0.968  -0.478 -0.454  0.793   0.075  0.040 -0.337
-4.774 -6.976 131.042   0.120  0.052 -0.972  -0.478 -0.454  0.793   0.069  0.050 -0.331
-4.846 -6.964 130.652   0.132  0.044 -0.976  -0.473 -0.460  0.789   0.061  0.056 -0.305
-4.892 -6.989 130.294   0.136  0.048 -0.972  -0.473 -0.460  0.789   0.031  0.053 -0.289
-4.922 -6.984 129.978   0.132  0.056 -0.980  -0.473 -0.460  0.789   0.061  0.038 -0.279
-4.981 -6.948 129.667   0.136  0.052 -0.984  -0.463 -0.454  0.793   0.086  0.033 -0.265
-5.043 -6.926 129.409   0.136  0.056 -0.976  -0.463 -0.454  0.793   0.091  0.042 -0.234
-5.066 -6.890 129.225   0.124  0.056 -0.976  -0.463 -0.454  0.793   0.084  0.035 -0.211
-5.123 -6.866 128.972   0.140  0.052 -0.972  -0.463 -0.454  0.793   0.082  0.029 -0.227
-5.159 -6.844 128.703   0.132  0.052 -0.972  -0.463 -0.471  0.797   0.067  0.032 -0.231
-5.136 -6.854 128.485   0.128  0.060 -0.984  -0.463 -0.471  0.797   0.034  0.023 -0.227
-5.056 -6.904 128.329   0.120  0.072 -0.980  -0.463 -0.471  0.797   0.005  0.023 -0.226
-5.010 -6.942 128.037   0.136  0.060 -0.948  -0.460 -0.480  0.788  -0.005 -0.007 -0.256
-4.947 -6.980 127.731   0.140  0.064 -0.952  -0.460 -0.480  0.788  -0.007 -0.027 -0.278
-4.859 -6.983 127.478   0.132  0.068 -0.968  -0.460 -0.480  0.788   0.011 -0.042 -0.276
-4.823 -6.964 127.251   0.128  0.068 -0.980  -0.460 -0.488  0.801   0.049 -0.009 -0.246
-4.877 -6.940 126.954   0.132  0.056 -0.992  -0.442 -0.488  0.801   0.062  0.040 -0.227
-4.952 -6.907 126.660   0.132  0.048 -0.984  -0.442 -0.488  0.801   0.065  0.049 -0.218
-5.020 -6.853 126.396   0.128  0.048 -0.988  -0.442 -0.488  0.801   0.078  0.044 -0.213
-5.090 -6.774 126.106   0.128  0.040 -0.980  -0.450 -0.497  0.801   0.083  0.031 -0.234
-5.104 -6.740 125.823   0.124  0.048 -0.988  -0.450 -0.497  0.801   0.045  0.027 -0.267
-5.079 -6.749 125.579   0.124  0.064 -0.984  -0.450 -0.497  0.801   0.032  0.022 -0.272
-5.072 -6.734 125.290   0.124  0.048 -0.976  -0.442 -0.497  0.797   0.020  0.017 -0.270
-5.031 -6.714 125.026   0.116  0.048 -0.976  -0.442 -0.497  0.797   0.009  0.007 -0.281
-4.979 -6.723 124.757   0.120  0.052 -0.980  -0.442 -0.497  0.797  -0.010  0.005 -0.293
-4.916 -6.729 124.513   0.116  0.060 -0.984  -0.442 -0.497  0.797   0.004  0.005 -0.305
-4.840 -6.732 124.231   0.104  0.072 -0.976  -0.432 -0.512  0.799   0.022  0.015 -0.334
-4.796 -6.738 123.927   0.100  0.068 -0.984  -0.432 -0.512  0.799   0.025  0.046 -0.365
-4.768 -6.769 123.626   0.100  0.068 -0.984  -0.432 -0.512  0.799   0.014  0.070 -0.371
-4.755 -6.808 123.269   0.108  0.072 -0.984  -0.426 -0.535  0.797   0.012  0.064 -0.355
-4.775 -6.797 122.888   0.112  0.052 -0.984  -0.426 -0.535  0.797   0.018  0.053 -0.348
-4.769 -6.817 122.464   0.120  0.060 -0.980  -0.426 -0.535  0.797  -0.001  0.032 -0.393
-4.729 -6.852 121.998   0.112  0.068 -0.988  -0.416 -0.540  0.795  -0.015  0.032 -0.439
-4.702 -6.869 121.523   0.112  0.080 -0.996  -0.416 -0.540  0.795   0.028  0.035 -0.481
-4.704 -6.859 121.036   0.112  0.080 -0.996  -0.416 -0.540  0.795   0.060  0.045 -0.505
-4.710 -6.838 120.575   0.100  0.084 -0.980  -0.416 -0.540  0.795   0.084  0.066 -0.531
-4.731 -6.830 120.046   0.104  0.096 -0.984  -0.406 -0.558  0.803   0.099  0.072 -0.549
-4.794 -6.820 119.450   0.112  0.088 -0.976  -0.406 -0.558  0.803   0.100  0.084 -0.590
-4.843 -6.814 118.860   0.108  0.080 -0.976  -0.406 -0.558  0.803   0.076  0.084 -0.606
-4.887 -6.815 118.191   0.116  0.088 -0.976  -0.401 -0.587  0.795   0.076  0.065 -0.621
-4.930 -6.790 117.547   0.112  0.084 -0.976  -0.401 -0.587  0.795   0.088  0.062 -0.628
-4.953 -6.750 116.882   0.104  0.080 -0.984  -0.401 -0.587  0.795   0.086  0.062 -0.685
-5.021 -6.727 116.081   0.112  0.080 -0.980  -0.380 -0.595  0.793   0.080  0.081 -0.730
-5.113 -6.729 115.277   0.116  0.092 -0.984  -0.380 -0.595  0.793   0.093  0.101 -0.730
-5.158 -6.732 114.625   0.104  0.104 -0.988  -0.380 -0.595  0.793   0.104  0.100 -0.680
-5.148 -6.802 114.096   0.104  0.108 -0.980  -0.380 -0.595  0.793   0.043  0.084 -0.632
-5.090 -6.885 113.592   0.100  0.096 -0.980  -0.380 -0.595  0.793  -0.013  0.057 -0.628
-5.054 -6.966 113.050   0.108  0.084 -0.980  -0.380 -0.595  0.793  -0.035  0.053 -0.643
-5.036 -7.060 112.559   0.104  0.092 -0.980  -0.380 -0.595  0.793  -0.024  0.082 -0.635
-5.062 -7.150 111.917   0.112  0.100 -0.984  -0.359 -0.642  0.795  -0.012  0.089 -0.640
-5.091 -7.187 111.295   0.108  0.104 -0.980  -0.359 -0.642  0.795   0.039  0.086 -0.657
-5.152 -7.193 110.588   0.120  0.100 -0.984  -0.359 -0.642  0.795   0.061  0.076 -0.717
-5.216 -7.216 109.769   0.132  0.096 -0.980  -0.349 -0.659  0.788   0.029  0.054 -0.755
-5.221 -7.300 109.050   0.120  0.096 -0.984  -0.349 -0.659  0.788  -0.035  0.053 -0.731
-5.176 -7.445 108.425   0.112  0.092 -0.976  -0.349 -0.659  0.788  -0.109  0.045 -0.694
-5.048 -7.599 107.923   0.096  0.104 -0.976  -0.349 -0.659  0.788  -0.115  0.017 -0.667
-4.938 -7.659 107.436   0.092  0.112 -0.992  -0.333 -0.688  0.797  -0.033  0.009 -0.607
-4.787 -7.665 107.063   0.084  0.116 -0.992  -0.333 -0.688  0.797   0.007 -0.023 -0.551
-4.580 -7.710 106.729   0.084  0.116 -0.988  -0.333 -0.688  0.797  -0.039 -0.066 -0.537
-4.400 -7.690 106.343   0.072  0.116 -0.984  -0.315 -0.717  0.793   0.012 -0.049 -0.535
-4.253 -7.612 105.985   0.080  0.132 -0.980  -0.315 -0.717  0.793   0.102 -0.056 -0.515
-4.132 -7.510 105.679   0.084  0.120 -0.972  -0.315 -0.717  0.793   0.106 -0.060 -0.460
-4.056 -7.451 105.318   0.088  0.116 -0.980  -0.287 -0.717  0.788   0.064 -0.034 -0.424
-3.965 -7.400 105.041   0.076  0.120 -0.968  -0.287 -0.717  0.788   0.069 -0.021 -0.394
-3.908 -7.349 104.792   0.080  0.112 -0.968  -0.287 -0.717  0.788   0.060 -0.007 -0.361
-3.814 -7.313 104.620   0.076  0.120 -0.960  -0.287 -0.717  0.788   0.060 -0.027 -0.322
-3.648 -7.221 104.549   0.056  0.124 -0.964  -0.276 -0.717  0.799   0.099 -0.059 -0.268
-3.531 -7.112 104.473   0.076  0.124 -0.960  -0.276 -0.717  0.799   0.124 -0.076 -0.222
-3.390 -6.978 104.454   0.072  0.116 -0.964  -0.276 -0.717  0.799   0.126 -0.097 -0.182
-3.247 -6.852 104.403   0.072  0.104 -0.968  -0.261 -0.737  0.795   0.089 -0.111 -0.141
-3.114 -6.788 104.380   0.080  0.104 -0.968  -0.261 -0.737  0.795   0.042 -0.114 -0.100
-2.980 -6.737 104.422   0.080  0.104 -0.968  -0.261 -0.737  0.795   0.031 -0.116 -0.044
-2.857 -6.733 104.446   0.084  0.116 -0.964  -0.243 -0.728  0.795   0.016 -0.116 -0.009
-2.717 -6.710 104.555   0.076  0.116 -0.960  -0.243 -0.728  0.795   0.029 -0.120  0.044
-2.574 -6.664 104.730   0.072  0.120 -0.972  -0.243 -0.728  0.795   0.054 -0.121  0.091
-2.420 -6.593 104.966   0.068  0.112 -0.976  -0.243 -0.728  0.795   0.055 -0.132  0.143
-2.230 -6.559 105.252   0.060  0.116 -0.988  -0.240 -0.728  0.806   0.022 -0.140  0.178
-2.059 -6.536 105.580   0.064  0.116 -0.972  -0.240 -0.728  0.806   0.020 -0.140  0.235
-1.896 -6.538 105.945   0.064  0.116 -0.988  -0.240 -0.728  0.806  -0.006 -0.131  0.279
-1.734 -6.554 106.319   0.060  0.120 -0.976  -0.233 -0.725  0.803  -0.008 -0.126  0.307
-1.575 -6.550 106.760   0.052  0.124 -0.976  -0.233 -0.725  0.803   0.015 -0.115  0.355
-1.487 -6.524 107.142   0.072  0.120 -0.992  -0.233 -0.725  0.803   0.033 -0.111  0.377
-1.405 -6.487 107.567   0.072  0.124 -1.008  -0.233 -0.708  0.805   0.049 -0.108  0.408
-1.289 -6.412 108.068   0.052  0.108 -0.996  -0.233 -0.708  0.805   0.044 -0.101  0.429
-1.202 -6.387 108.568   0.060  0.112 -0.984  -0.233 -0.708  0.805   0.021 -0.090  0.465
-1.140 -6.384 109.040   0.068  0.116 -0.992  -0.233 -0.708  0.805   0.014 -0.087  0.498
-1.054 -6.394 109.596   0.064  0.120 -0.992  -0.240 -0.679  0.806   0.007 -0.090  0.521
-0.973 -6.435 110.171   0.064  0.128 -0.988  -0.240 -0.679  0.806  -0.001 -0.079  0.550
-0.898 -6.465 110.751   0.064  0.132 -0.976  -0.240 -0.679  0.806   0.017 -0.081  0.573
-0.836 -6.500 111.314   0.068  0.128 -0.972  -0.248 -0.699  0.803   0.007 -0.081  0.589
-0.752 -6.537 111.897   0.064  0.124 -0.972  -0.248 -0.699  0.803  -0.011 -0.090  0.616
-0.695 -6.583 112.438   0.072  0.120 -0.976  -0.248 -0.699  0.803  -0.024 -0.086  0.626
-0.612 -6.643 113.088   0.064  0.120 -0.968  -0.261 -0.665  0.805  -0.038 -0.077  0.641
-0.522 -6.727 113.726   0.068  0.128 -0.968  -0.261 -0.665  0.805  -0.047 -0.083  0.655
-0.470 -6.784 114.327   0.068  0.120 -0.964  -0.261 -0.665  0.805  -0.033 -0.066  0.655
-0.422 -6.828 114.915   0.068  0.120 -0.972  -0.261 -0.665  0.805  -0.026 -0.066  0.665
-0.390 -6.873 115.516   0.068  0.120 -0.976  -0.266 -0.656  0.812  -0.023 -0.050  0.672
-0.356 -6.881 116.088   0.064  0.108 -0.976  -0.266 -0.656  0.812  -0.021 -0.057  0.669
-0.302 -6.949 116.661   0.060  0.124 -0.972  -0.266 -0.656  0.812  -0.040 -0.040  0.661
-0.258 -6.989 117.277   0.056  0.116 -0.968  -0.284 -0.656  0.805  -0.030 -0.029  0.661
-0.233 -7.037 117.847   0.060  0.116 -0.972  -0.284 -0.656  0.805  -0.032 -0.021  0.655
-0.225 -7.096 118.382   0.064  0.124 -0.976  -0.284 -0.656  0.805  -0.022 -0.011  0.647
-0.210 -7.146 118.955   0.064  0.124 -0.984  -0.295 -0.633  0.801  -0.017 -0.011  0.636
-0.213 -7.177 119.490   0.068  0.124 -0.988  -0.295 -0.633  0.801   0.001 -0.013  0.633
-0.221 -7.199 119.995   0.064  0.120 -0.984  -0.295 -0.633  0.801   0.003 -0.005  0.621
-0.241 -7.235 120.475   0.064  0.120 -0.980  -0.295 -0.633  0.801  -0.001  0.011  0.619
-0.269 -7.225 121.005   0.056  0.100 -0.980  -0.313 -0.616  0.812   0.000  0.023  0.603
-0.283 -7.291 121.523   0.060  0.120 -0.976  -0.313 -0.616  0.812  -0.018  0.040  0.595
-0.327 -7.320 121.991   0.060  0.112 -0.984  -0.313 -0.616  0.812   0.001  0.048  0.582
-0.372 -7.376 122.497   0.064  0.120 -0.980  -0.333 -0.616  0.799   0.004  0.060  0.570
-0.432 -7.428 122.948   0.068  0.120 -0.984  -0.333 -0.616  0.799   0.011  0.064  0.551
-0.495 -7.477 123.368   0.068  0.124 -0.988  -0.333 -0.616  0.799   0.022  0.067  0.535
-0.535 -7.559 123.857   0.064  0.132 -0.976  -0.341 -0.590  0.806   0.014  0.087  0.517
-0.615 -7.641 124.255   0.072  0.124 -0.968  -0.341 -0.590  0.806   0.015  0.097  0.493
-0.689 -7.710 124.620   0.068  0.120 -0.972  -0.341 -0.590  0.806   0.012  0.099  0.473
-0.767 -7.763 124.928   0.068  0.116 -0.984  -0.341 -0.590  0.806   0.014  0.099  0.443
-0.847 -7.789 125.298   0.064  0.104 -0.976  -0.370 -0.578  0.814   0.021  0.109  0.412
-0.892 -7.834 125.681   0.060  0.120 -0.968  -0.370 -0.578  0.814   0.028  0.106  0.396
-0.977 -7.890 125.978   0.072  0.116 -0.980  -0.370 -0.578  0.814   0.026  0.115  0.377
-1.050 -7.936 126.332   0.072  0.116 -0.980  -0.382 -0.561  0.805   0.033  0.110  0.349
-1.102 -7.986 126.642   0.068  0.116 -0.980  -0.382 -0.561  0.805   0.022  0.110  0.313
-1.151 -8.033 126.896   0.072  0.124 -0.988  -0.382 -0.561  0.805   0.037  0.105  0.285
-1.179 -8.091 127.190   0.068  0.128 -0.984  -0.388 -0.549  0.801   0.033  0.110  0.258
-1.252 -8.138 127.396   0.076  0.120 -0.988  -0.388 -0.549  0.801   0.042  0.116  0.234
-1.318 -8.175 127.563   0.068  0.116 -0.972  -0.388 -0.549  0.801   0.043  0.128  0.203
-1.365 -8.217 127.768   0.068  0.120 -0.976  -0.408 -0.546  0.806   0.044  0.130  0.168
-1.412 -8.240 127.954   0.064  0.120 -0.976  -0.408 -0.546  0.806   0.058  0.130  0.151
-1.439 -8.275 128.094   0.064  0.120 -0.980  -0.408 -0.546  0.806   0.039  0.125  0.114
-1.464 -8.320 128.215   0.064  0.124 -0.972  -0.408 -0.546  0.806   0.042  0.131  0.096
-1.481 -8.358 128.369   0.068  0.120 -0.976  -0.429 -0.538  0.795   0.038  0.120  0.063
-1.479 -8.369 128.505   0.064  0.124 -0.992  -0.429 -0.538  0.795   0.050  0.108  0.043
-1.480 -8.365 128.603   0.064  0.124 -1.000  -0.429 -0.538  0.795   0.060  0.101  0.015
-1.501 -8.369 128.665   0.064  0.120 -0.992  -0.421 -0.526  0.799   0.059  0.119 -0.009
-1.523 -8.394 128.710   0.068  0.128 -0.976  -0.421 -0.526  0.799   0.067  0.122 -0.030
-1.577 -8.422 128.677   0.076  0.120 -0.988  -0.421 -0.526  0.799   0.060  0.128 -0.058
-1.602 -8.435 128.637   0.072  0.120 -0.984  -0.432 -0.535  0.801   0.058  0.112 -0.086
-1.601 -8.429 128.591   0.064  0.120 -0.984  -0.432 -0.535  0.801   0.058  0.103 -0.113
-1.605 -8.414 128.516   0.068  0.120 -0.996  -0.432 -0.535  0.801   0.064  0.094 -0.130
-1.612 -8.406 128.416   0.068  0.120 -0.992  -0.432 -0.535  0.801   0.061  0.099 -0.155
-1.614 -8.406 128.319   0.072  0.120 -0.988  -0.442 -0.535  0.788   0.056  0.093 -0.173
-1.617 -8.381 128.210   0.064  0.112 -0.980  -0.442 -0.535  0.788   0.060  0.095 -0.190
-1.634 -8.351 128.077   0.060  0.104 -0.976  -0.442 -0.535  0.788   0.055  0.109 -0.207
-1.639 -8.303 127.900   0.056  0.100 -0.976  -0.429 -0.535  0.797   0.051  0.095 -0.221
-1.626 -8.301 127.711   0.068  0.120 -0.976  -0.429 -0.535  0.797   0.054  0.084 -0.250
-1.593 -8.287 127.533   0.064  0.120 -0.980  -0.429 -0.535  0.797   0.050  0.073 -0.257
-1.562 -8.275 127.344   0.064  0.120 -0.976  -0.442 -0.552  0.793   0.050  0.075 -0.268
-1.541 -8.246 127.117   0.064  0.108 -0.976  -0.442 -0.552  0.793   0.040  0.067 -0.287
-1.525 -8.241 126.864   0.076  0.116 -0.988  -0.442 -0.552  0.793   0.039  0.060 -0.305
-1.549 -8.244 126.534   0.092  0.108 -0.984  -0.442 -0.552  0.793   0.036  0.053 -0.328
-1.539 -8.240 126.239   0.084  0.112 -0.976  -0.437 -0.549  0.793   0.033  0.043 -0.331
-1.520 -8.202 125.946   0.076  0.104 -0.980  -0.437 -0.549  0.793   0.037  0.035 -0.343
-1.460 -8.162 125.683   0.072  0.112 -0.984  -0.437 -0.549  0.793   0.034  0.016 -0.355
-1.435 -8.128 125.334   0.080  0.112 -0.984  -0.426 -0.564  0.803   0.042  0.017 -0.360
-1.392 -8.088 124.997   0.076  0.112 -0.984  -0.426 -0.564  0.803   0.038  0.010 -0.373
-1.343 -8.035 124.684   0.076  0.116 -0.984  -0.426 -0.564  0.803   0.053 -0.002 -0.372
-1.306 -7.973 124.319   0.076  0.108 -0.984  -0.421 -0.578  0.797   0.045 -0.007 -0.371
-1.285 -7.916 123.945   0.080  0.104 -0.984  -0.421 -0.578  0.797   0.042 -0.005 -0.375
-1.257 -7.870 123.582   0.084  0.112 -0.992  -0.421 -0.578  0.797   0.045 -0.012 -0.383
-1.211 -7.804 123.250   0.076  0.108 -0.980  -0.421 -0.578  0.797   0.049 -0.021 -0.382
-1.172 -7.759 122.871   0.076  0.116 -0.976  -0.401 -0.584  0.797   0.050 -0.015 -0.380
-1.102 -7.733 122.537   0.076  0.128 -0.984  -0.401 -0.584  0.797   0.045 -0.026 -0.376
-1.032 -7.689 122.219   0.072  0.124 -0.980  -0.401 -0.584  0.797   0.053 -0.029 -0.377
-0.973 -7.655 121.898   0.076  0.124 -0.980  -0.395 -0.587  0.805   0.048 -0.031 -0.361
-0.907 -7.629 121.597   0.076  0.128 -0.980  -0.395 -0.587  0.805   0.047 -0.033 -0.361
-0.816 -7.603 121.346   0.068  0.132 -0.976  -0.395 -0.587  0.805   0.047 -0.035 -0.358
-0.728 -7.570 121.033   0.064  0.128 -0.980  -0.375 -0.595  0.801   0.038 -0.039 -0.348
-0.648 -7.511 120.737   0.064  0.120 -0.980  -0.375 -0.595  0.801   0.043 -0.050 -0.331
-0.580 -7.437 120.451   0.064  0.116 -0.984  -0.375 -0.595  0.801   0.051 -0.051 -0.326
-0.520 -7.408 120.167   0.076  0.124 -0.976  -0.375 -0.595  0.801   0.039 -0.056 -0.317
-0.450 -7.359 119.852   0.068  0.120 -0.980  -0.364 -0.616  0.797   0.037 -0.064 -0.303
-0.423 -7.291 119.501   0.076  0.104 -0.976  -0.364 -0.616  0.797   0.037 -0.064 -0.301
-0.378 -7.251 119.211   0.072  0.116 -0.980  -0.364 -0.616  0.797   0.034 -0.056 -0.287
-0.323 -7.192 118.913   0.064  0.116 -0.976  -0.354 -0.624  0.810   0.044 -0.060 -0.281
-0.281 -7.126 118.641   0.064  0.112 -0.976  -0.354 -0.624  0.810   0.049 -0.056 -0.262
-0.236 -7.090 118.392   0.072  0.124 -0.972  -0.354 -0.624  0.810   0.050 -0.066 -0.249
-0.211 -7.070 118.118   0.076  0.128 -0.972  -0.344 -0.624  0.805   0.053 -0.057 -0.242
-0.192 -7.045 117.856   0.080  0.124 -0.976  -0.344 -0.624  0.805   0.049 -0.065 -0.226
-0.172 -7.014 117.621   0.080  0.124 -0.976  -0.344 -0.624  0.805   0.054 -0.070 -0.212
-0.117 -6.986 117.440   0.072  0.128 -0.980  -0.344 -0.624  0.805   0.048 -0.076 -0.201
-0.099 -6.961 117.187   0.076  0.124 -0.968  -0.320 -0.621  0.803   0.049 -0.068 -0.185
-0.037 -6.916 117.012   0.060  0.128 -0.980  -0.320 -0.621  0.803   0.056 -0.071 -0.177
